[debug] [2021-02-03T15:49:28.512Z] ----------------------------------------------------------------------
[debug] [2021-02-03T15:49:28.514Z] Command:       /usr/local/bin/node /usr/local/bin/firebase deploy
[debug] [2021-02-03T15:49:28.514Z] CLI Version:   9.3.0
[debug] [2021-02-03T15:49:28.514Z] Platform:      darwin
[debug] [2021-02-03T15:49:28.514Z] Node Version:  v14.15.4
[debug] [2021-02-03T15:49:28.515Z] Time:          Wed Feb 03 2021 20:49:28 GMT+0500 (Pakistan Standard Time)
[debug] [2021-02-03T15:49:28.516Z] ----------------------------------------------------------------------
[debug] [2021-02-03T15:49:28.516Z] 
[debug] [2021-02-03T15:49:28.520Z] > command requires scopes: ["email","openid","https://www.googleapis.com/auth/cloudplatformprojects.readonly","https://www.googleapis.com/auth/firebase","https://www.googleapis.com/auth/cloud-platform"]
[debug] [2021-02-03T15:49:28.521Z] > authorizing via signed-in user
[debug] [2021-02-03T15:49:28.521Z] [iam] checking project sitwitus-aa192 for permissions ["cloudfunctions.functions.create","cloudfunctions.functions.delete","cloudfunctions.functions.get","cloudfunctions.functions.list","cloudfunctions.functions.update","cloudfunctions.operations.get","firebase.projects.get"]
[debug] [2021-02-03T15:49:28.523Z] >>> HTTP REQUEST POST https://cloudresourcemanager.googleapis.com/v1/projects/sitwitus-aa192:testIamPermissions  
 {"permissions":["cloudfunctions.functions.create","cloudfunctions.functions.delete","cloudfunctions.functions.get","cloudfunctions.functions.list","cloudfunctions.functions.update","cloudfunctions.operations.get","firebase.projects.get"]}
[debug] [2021-02-03T15:49:30.195Z] <<< HTTP RESPONSE 200 {"content-type":"application/json; charset=UTF-8","vary":"X-Origin, Referer, Origin,Accept-Encoding","date":"Wed, 03 Feb 2021 15:49:30 GMT","server":"ESF","cache-control":"private","x-xss-protection":"0","x-frame-options":"SAMEORIGIN","x-content-type-options":"nosniff","server-timing":"gfet4t7; dur=1202","alt-svc":"h3-29=\":443\"; ma=2592000,h3-T051=\":443\"; ma=2592000,h3-Q050=\":443\"; ma=2592000,h3-Q046=\":443\"; ma=2592000,h3-Q043=\":443\"; ma=2592000,quic=\":443\"; ma=2592000; v=\"46,43\"","accept-ranges":"none","transfer-encoding":"chunked"}
[debug] [2021-02-03T15:49:30.196Z] >>> HTTP REQUEST POST https://iam.googleapis.com/v1/projects/sitwitus-aa192/serviceAccounts/sitwitus-aa192@appspot.gserviceaccount.com:testIamPermissions  
 {"permissions":["iam.serviceAccounts.actAs"]}
[debug] [2021-02-03T15:49:31.935Z] <<< HTTP RESPONSE 200 {"content-type":"application/json; charset=UTF-8","vary":"X-Origin, Referer, Origin,Accept-Encoding","date":"Wed, 03 Feb 2021 15:49:31 GMT","server":"ESF","cache-control":"private","x-xss-protection":"0","x-frame-options":"SAMEORIGIN","x-content-type-options":"nosniff","alt-svc":"h3-29=\":443\"; ma=2592000,h3-T051=\":443\"; ma=2592000,h3-Q050=\":443\"; ma=2592000,h3-Q046=\":443\"; ma=2592000,h3-Q043=\":443\"; ma=2592000,quic=\":443\"; ma=2592000; v=\"46,43\"","accept-ranges":"none","transfer-encoding":"chunked"}
[info] 
[info] === Deploying to 'sitwitus-aa192'...
[info] 
[info] i  deploying functions 
[info] Running command: npm --prefix "$RESOURCE_DIR" run build
[info] ✔  functions: Finished running predeploy script. 
[debug] [2021-02-03T15:49:37.507Z] > [functions] package.json contents: {
  "name": "functions",
  "scripts": {
    "build": "tsc",
    "serve": "npm run build && firebase emulators:start --only functions",
    "shell": "npm run build && firebase functions:shell",
    "start": "npm run shell",
    "deploy": "firebase deploy --only functions",
    "logs": "firebase functions:log"
  },
  "engines": {
    "node": "12"
  },
  "main": "lib/index.js",
  "dependencies": {
    "firebase-admin": "^9.2.0",
    "firebase-functions": "^3.11.0",
    "stripe": "^8.132.0"
  },
  "devDependencies": {
    "typescript": "^3.8.0",
    "firebase-functions-test": "^0.2.0"
  },
  "private": true
}
[info] i  functions: ensuring required API cloudfunctions.googleapis.com is enabled... 
[info] i  functions: ensuring required API cloudbuild.googleapis.com is enabled... 
[debug] [2021-02-03T15:49:38.343Z] >>> HTTP REQUEST GET https://serviceusage.googleapis.com/v1/projects/sitwitus-aa192/services/cloudfunctions.googleapis.com  
 
[debug] [2021-02-03T15:49:38.344Z] >>> HTTP REQUEST GET https://serviceusage.googleapis.com/v1/projects/sitwitus-aa192/services/runtimeconfig.googleapis.com  
 
[debug] [2021-02-03T15:49:38.344Z] >>> HTTP REQUEST GET https://serviceusage.googleapis.com/v1/projects/sitwitus-aa192/services/cloudbuild.googleapis.com  
 
[debug] [2021-02-03T15:49:40.238Z] <<< HTTP RESPONSE 200 {"content-type":"application/json; charset=UTF-8","vary":"X-Origin, Referer, Origin,Accept-Encoding","date":"Wed, 03 Feb 2021 15:49:40 GMT","server":"ESF","cache-control":"private","x-xss-protection":"0","x-frame-options":"SAMEORIGIN","x-content-type-options":"nosniff","alt-svc":"h3-29=\":443\"; ma=2592000,h3-T051=\":443\"; ma=2592000,h3-Q050=\":443\"; ma=2592000,h3-Q046=\":443\"; ma=2592000,h3-Q043=\":443\"; ma=2592000,quic=\":443\"; ma=2592000; v=\"46,43\"","accept-ranges":"none","transfer-encoding":"chunked"}
[debug] [2021-02-03T15:49:40.274Z] <<< HTTP RESPONSE 200 {"content-type":"application/json; charset=UTF-8","vary":"X-Origin, Referer, Origin,Accept-Encoding","date":"Wed, 03 Feb 2021 15:49:40 GMT","server":"ESF","cache-control":"private","x-xss-protection":"0","x-frame-options":"SAMEORIGIN","x-content-type-options":"nosniff","alt-svc":"h3-29=\":443\"; ma=2592000,h3-T051=\":443\"; ma=2592000,h3-Q050=\":443\"; ma=2592000,h3-Q046=\":443\"; ma=2592000,h3-Q043=\":443\"; ma=2592000,quic=\":443\"; ma=2592000; v=\"46,43\"","accept-ranges":"none","transfer-encoding":"chunked"}
[info] ✔  functions: required API cloudbuild.googleapis.com is enabled 
[debug] [2021-02-03T15:49:40.277Z] <<< HTTP RESPONSE 200 {"content-type":"application/json; charset=UTF-8","vary":"X-Origin, Referer, Origin,Accept-Encoding","date":"Wed, 03 Feb 2021 15:49:40 GMT","server":"ESF","cache-control":"private","x-xss-protection":"0","x-frame-options":"SAMEORIGIN","x-content-type-options":"nosniff","alt-svc":"h3-29=\":443\"; ma=2592000,h3-T051=\":443\"; ma=2592000,h3-Q050=\":443\"; ma=2592000,h3-Q046=\":443\"; ma=2592000,h3-Q043=\":443\"; ma=2592000,quic=\":443\"; ma=2592000; v=\"46,43\"","accept-ranges":"none","transfer-encoding":"chunked"}
[info] ✔  functions: required API cloudfunctions.googleapis.com is enabled 
[debug] [2021-02-03T15:49:40.278Z] >>> HTTP REQUEST GET https://firebase.googleapis.com/v1beta1/projects/sitwitus-aa192/adminSdkConfig  
 
[debug] [2021-02-03T15:49:40.984Z] <<< HTTP RESPONSE 200 {"content-type":"application/json; charset=UTF-8","vary":"X-Origin, Referer, Origin,Accept-Encoding","date":"Wed, 03 Feb 2021 15:49:41 GMT","server":"ESF","cache-control":"private","x-xss-protection":"0","x-frame-options":"SAMEORIGIN","x-content-type-options":"nosniff","alt-svc":"h3-29=\":443\"; ma=2592000,h3-T051=\":443\"; ma=2592000,h3-Q050=\":443\"; ma=2592000,h3-Q046=\":443\"; ma=2592000,h3-Q043=\":443\"; ma=2592000,quic=\":443\"; ma=2592000; v=\"46,43\"","accept-ranges":"none","transfer-encoding":"chunked"}
[info] i  functions: preparing functions directory for uploading... 
[debug] [2021-02-03T15:49:40.986Z] >>> HTTP REQUEST GET https://runtimeconfig.googleapis.com/v1beta1/projects/sitwitus-aa192/configs  
 
[debug] [2021-02-03T15:49:41.827Z] <<< HTTP RESPONSE 200 {"content-type":"application/json; charset=UTF-8","vary":"X-Origin, Referer, Origin,Accept-Encoding","date":"Wed, 03 Feb 2021 15:49:41 GMT","server":"ESF","cache-control":"private","x-xss-protection":"0","x-frame-options":"SAMEORIGIN","x-content-type-options":"nosniff","alt-svc":"h3-29=\":443\"; ma=2592000,h3-T051=\":443\"; ma=2592000,h3-Q050=\":443\"; ma=2592000,h3-Q046=\":443\"; ma=2592000,h3-Q043=\":443\"; ma=2592000,quic=\":443\"; ma=2592000; v=\"46,43\"","accept-ranges":"none","transfer-encoding":"chunked"}
[debug] [2021-02-03T15:49:41.828Z] >>> HTTP REQUEST GET https://runtimeconfig.googleapis.com/v1beta1/projects/sitwitus-aa192/configs/stripe/variables  
 
[debug] [2021-02-03T15:49:42.482Z] <<< HTTP RESPONSE 200 {"content-type":"application/json; charset=UTF-8","vary":"X-Origin, Referer, Origin,Accept-Encoding","date":"Wed, 03 Feb 2021 15:49:42 GMT","server":"ESF","cache-control":"private","x-xss-protection":"0","x-frame-options":"SAMEORIGIN","x-content-type-options":"nosniff","alt-svc":"h3-29=\":443\"; ma=2592000,h3-T051=\":443\"; ma=2592000,h3-Q050=\":443\"; ma=2592000,h3-Q046=\":443\"; ma=2592000,h3-Q043=\":443\"; ma=2592000,quic=\":443\"; ma=2592000; v=\"46,43\"","accept-ranges":"none","transfer-encoding":"chunked"}
[debug] [2021-02-03T15:49:42.483Z] >>> HTTP REQUEST GET https://runtimeconfig.googleapis.com/v1beta1/projects/sitwitus-aa192/configs/stripe/variables/token  
 
[debug] [2021-02-03T15:49:43.232Z] <<< HTTP RESPONSE 200 {"content-type":"application/json; charset=UTF-8","vary":"X-Origin, Referer, Origin,Accept-Encoding","date":"Wed, 03 Feb 2021 15:49:43 GMT","server":"ESF","cache-control":"private","x-xss-protection":"0","x-frame-options":"SAMEORIGIN","x-content-type-options":"nosniff","alt-svc":"h3-29=\":443\"; ma=2592000,h3-T051=\":443\"; ma=2592000,h3-Q050=\":443\"; ma=2592000,h3-Q046=\":443\"; ma=2592000,h3-Q043=\":443\"; ma=2592000,quic=\":443\"; ma=2592000; v=\"46,43\"","accept-ranges":"none","transfer-encoding":"chunked"}
[info] i  functions: packaged functions (28.62 KB) for uploading 
[debug] [2021-02-03T15:49:43.544Z] >>> HTTP REQUEST GET https://cloudfunctions.googleapis.com/v1/projects/sitwitus-aa192/locations/-/functions  
 
[debug] [2021-02-03T15:49:44.529Z] <<< HTTP RESPONSE 200 {"content-type":"application/json; charset=UTF-8","vary":"X-Origin, Referer, Origin,Accept-Encoding","date":"Wed, 03 Feb 2021 15:49:44 GMT","server":"ESF","cache-control":"private","x-xss-protection":"0","x-frame-options":"SAMEORIGIN","x-content-type-options":"nosniff","alt-svc":"h3-29=\":443\"; ma=2592000,h3-T051=\":443\"; ma=2592000,h3-Q050=\":443\"; ma=2592000,h3-Q046=\":443\"; ma=2592000,h3-Q043=\":443\"; ma=2592000,quic=\":443\"; ma=2592000; v=\"46,43\"","accept-ranges":"none","transfer-encoding":"chunked"}
[debug] [2021-02-03T15:49:44.531Z] >>> HTTP REQUEST POST https://cloudfunctions.googleapis.com/v1/projects/sitwitus-aa192/locations/us-central1/functions:generateUploadUrl  
 
[debug] [2021-02-03T15:49:45.554Z] <<< HTTP RESPONSE 200 {"content-type":"application/json; charset=UTF-8","vary":"X-Origin, Referer, Origin,Accept-Encoding","date":"Wed, 03 Feb 2021 15:49:45 GMT","server":"ESF","cache-control":"private","x-xss-protection":"0","x-frame-options":"SAMEORIGIN","x-content-type-options":"nosniff","alt-svc":"h3-29=\":443\"; ma=2592000,h3-T051=\":443\"; ma=2592000,h3-Q050=\":443\"; ma=2592000,h3-Q046=\":443\"; ma=2592000,h3-Q043=\":443\"; ma=2592000,quic=\":443\"; ma=2592000; v=\"46,43\"","accept-ranges":"none","transfer-encoding":"chunked"}
[debug] [2021-02-03T15:49:45.555Z] >>> HTTP REQUEST PUT https://storage.googleapis.com/gcf-upload-us-central1-cd6612b6-453e-47c7-88e6-e35d076cf914/275be527-ce6d-4820-add7-a5afea4cdae7.zip?GoogleAccessId=service-379973636841@gcf-admin-robot.iam.gserviceaccount.com&Expires=1612369185&Signature=NwCld0xmS5xmfOeYjU3hcP4E0Af0XkXZE1ULdhd8aFlZMSh2%2Bv%2FQ4eq9bWPOMdDGQlSst1F8mr%2Bdqa3gLTL8fb4zMomG%2B07vHq7JZWAzUeLE185M7qMtHXlEKisGqXnv0Cm9jTTH5SCLXZJCoEASBIU8m2ZqPhNInTprKDKmAsGkxs6y6TsLHts8e37bMBB2lGCw51z25ewfBBq7ZTzvo8TsyGZ4W0I1KbzwbWaaYd00%2F6igCS1tXbtRLEnG40edlAgr%2FlJJRkAL09ln0VeI2dM7cC50rtynRBmQ3OWE6nPyYrFy%2BOXnv0d9tOpQ485j4slsOyfo%2B2Wn34ZRuI%2Bq4w%3D%3D  
 <request body omitted>
[debug] [2021-02-03T15:49:46.263Z] <<< HTTP RESPONSE 200 {"x-guploader-uploadid":"ABg5-Uxi-pVCCAaRug1hmvCRa4ssPIvTiIol9VFsmKzfl8i0lyXiGOqGMQ5mHM-cZXewlIOgIMRo2bRBEyrtHyK3exM","etag":"\"b13b19d4c0daa54e5757296c2140b560\"","x-goog-generation":"1612367386270196","x-goog-metageneration":"1","x-goog-hash":"crc32c=WAd2fw==, md5=sTsZ1MDapU5XVylsIUC1YA==","x-goog-stored-content-length":"29302","x-goog-stored-content-encoding":"identity","vary":"Origin","content-length":"0","date":"Wed, 03 Feb 2021 15:49:46 GMT","server":"UploadServer","content-type":"text/html; charset=UTF-8","alt-svc":"h3-29=\":443\"; ma=2592000,h3-T051=\":443\"; ma=2592000,h3-Q050=\":443\"; ma=2592000,h3-Q046=\":443\"; ma=2592000,h3-Q043=\":443\"; ma=2592000,quic=\":443\"; ma=2592000; v=\"46,43\""}
[info] ✔  functions: functions folder uploaded successfully 
[info] i  functions: updating Node.js 12 function sendMessage_FCM(us-central1)... 
[debug] [2021-02-03T15:49:46.267Z] Trigger is:  {"eventTrigger":{"resource":"projects/sitwitus-aa192/databases/(default)/documents/fcm/{Uid}","eventType":"providers/cloud.firestore/eventTypes/document.write","service":"firestore.googleapis.com"}}
[info] i  functions: updating Node.js 12 function createStripeCustomer(us-central1)... 
[debug] [2021-02-03T15:49:46.268Z] Trigger is:  {"eventTrigger":{"resource":"projects/sitwitus-aa192","eventType":"providers/firebase.auth/eventTypes/user.create","service":"firebaseauth.googleapis.com"}}
[info] i  functions: updating Node.js 12 function addPaymentSource(us-central1)... 
[debug] [2021-02-03T15:49:46.268Z] Trigger is:  {"eventTrigger":{"resource":"projects/sitwitus-aa192/databases/(default)/documents/stripe_customers/{userId}/tokens/{pushId}","eventType":"providers/cloud.firestore/eventTypes/document.create","service":"firestore.googleapis.com"}}
[info] i  functions: updating Node.js 12 function createStripeCharge(us-central1)... 
[debug] [2021-02-03T15:49:46.268Z] Trigger is:  {"eventTrigger":{"resource":"projects/sitwitus-aa192/databases/(default)/documents/stripe_customers/{userId}/charges/{id}","eventType":"providers/cloud.firestore/eventTypes/document.create","service":"firestore.googleapis.com"}}
[info] 
The following functions are found in your project but do not exist in your local source code:
	sendNotificationToTopic(us-central1)

If you are renaming a function or changing its region, it is recommended that you create the new function first before deleting the old one to prevent event loss. For more info, visit https://firebase.google.com/docs/functions/manage-functions#modify

[info] i  functions: deleting function sendNotificationToTopic(us-central1)... 
[debug] [2021-02-03T15:49:54.595Z] >>> HTTP REQUEST PATCH https://cloudfunctions.googleapis.com/v1/projects/sitwitus-aa192/locations/us-central1/functions/sendMessage_FCM {"updateMask":"sourceUploadUrl,name,labels,runtime,environmentVariables,eventTrigger.resource,eventTrigger.eventType,eventTrigger.service,eventTrigger.failurePolicy"} 
 {"sourceUploadUrl":"https://storage.googleapis.com/gcf-upload-us-central1-cd6612b6-453e-47c7-88e6-e35d076cf914/275be527-ce6d-4820-add7-a5afea4cdae7.zip?GoogleAccessId=service-379973636841@gcf-admin-robot.iam.gserviceaccount.com&Expires=1612369185&Signature=NwCld0xmS5xmfOeYjU3hcP4E0Af0XkXZE1ULdhd8aFlZMSh2%2Bv%2FQ4eq9bWPOMdDGQlSst1F8mr%2Bdqa3gLTL8fb4zMomG%2B07vHq7JZWAzUeLE185M7qMtHXlEKisGqXnv0Cm9jTTH5SCLXZJCoEASBIU8m2ZqPhNInTprKDKmAsGkxs6y6TsLHts8e37bMBB2lGCw51z25ewfBBq7ZTzvo8TsyGZ4W0I1KbzwbWaaYd00%2F6igCS1tXbtRLEnG40edlAgr%2FlJJRkAL09ln0VeI2dM7cC50rtynRBmQ3OWE6nPyYrFy%2BOXnv0d9tOpQ485j4slsOyfo%2B2Wn34ZRuI%2Bq4w%3D%3D","name":"projects/sitwitus-aa192/locations/us-central1/functions/sendMessage_FCM","labels":{"deployment-tool":"cli-firebase"},"eventTrigger":{"resource":"projects/sitwitus-aa192/databases/(default)/documents/fcm/{Uid}","eventType":"providers/cloud.firestore/eventTypes/document.write","service":"firestore.googleapis.com"},"runtime":"nodejs12","environmentVariables":{"FIREBASE_CONFIG":"{\"projectId\":\"sitwitus-aa192\",\"databaseURL\":\"https://sitwitus-aa192.firebaseio.com\",\"storageBucket\":\"sitwitus-aa192.appspot.com\",\"locationId\":\"us-central\"}"}}
[debug] [2021-02-03T15:49:54.596Z] >>> HTTP REQUEST PATCH https://cloudfunctions.googleapis.com/v1/projects/sitwitus-aa192/locations/us-central1/functions/createStripeCustomer {"updateMask":"sourceUploadUrl,name,labels,runtime,environmentVariables,eventTrigger.resource,eventTrigger.eventType,eventTrigger.service,eventTrigger.failurePolicy"} 
 {"sourceUploadUrl":"https://storage.googleapis.com/gcf-upload-us-central1-cd6612b6-453e-47c7-88e6-e35d076cf914/275be527-ce6d-4820-add7-a5afea4cdae7.zip?GoogleAccessId=service-379973636841@gcf-admin-robot.iam.gserviceaccount.com&Expires=1612369185&Signature=NwCld0xmS5xmfOeYjU3hcP4E0Af0XkXZE1ULdhd8aFlZMSh2%2Bv%2FQ4eq9bWPOMdDGQlSst1F8mr%2Bdqa3gLTL8fb4zMomG%2B07vHq7JZWAzUeLE185M7qMtHXlEKisGqXnv0Cm9jTTH5SCLXZJCoEASBIU8m2ZqPhNInTprKDKmAsGkxs6y6TsLHts8e37bMBB2lGCw51z25ewfBBq7ZTzvo8TsyGZ4W0I1KbzwbWaaYd00%2F6igCS1tXbtRLEnG40edlAgr%2FlJJRkAL09ln0VeI2dM7cC50rtynRBmQ3OWE6nPyYrFy%2BOXnv0d9tOpQ485j4slsOyfo%2B2Wn34ZRuI%2Bq4w%3D%3D","name":"projects/sitwitus-aa192/locations/us-central1/functions/createStripeCustomer","labels":{"deployment-tool":"cli-firebase"},"eventTrigger":{"resource":"projects/sitwitus-aa192","eventType":"providers/firebase.auth/eventTypes/user.create","service":"firebaseauth.googleapis.com"},"runtime":"nodejs12","environmentVariables":{"FIREBASE_CONFIG":"{\"projectId\":\"sitwitus-aa192\",\"databaseURL\":\"https://sitwitus-aa192.firebaseio.com\",\"storageBucket\":\"sitwitus-aa192.appspot.com\",\"locationId\":\"us-central\"}"}}
[debug] [2021-02-03T15:49:54.597Z] >>> HTTP REQUEST PATCH https://cloudfunctions.googleapis.com/v1/projects/sitwitus-aa192/locations/us-central1/functions/addPaymentSource {"updateMask":"sourceUploadUrl,name,labels,runtime,environmentVariables,eventTrigger.resource,eventTrigger.eventType,eventTrigger.service,eventTrigger.failurePolicy"} 
 {"sourceUploadUrl":"https://storage.googleapis.com/gcf-upload-us-central1-cd6612b6-453e-47c7-88e6-e35d076cf914/275be527-ce6d-4820-add7-a5afea4cdae7.zip?GoogleAccessId=service-379973636841@gcf-admin-robot.iam.gserviceaccount.com&Expires=1612369185&Signature=NwCld0xmS5xmfOeYjU3hcP4E0Af0XkXZE1ULdhd8aFlZMSh2%2Bv%2FQ4eq9bWPOMdDGQlSst1F8mr%2Bdqa3gLTL8fb4zMomG%2B07vHq7JZWAzUeLE185M7qMtHXlEKisGqXnv0Cm9jTTH5SCLXZJCoEASBIU8m2ZqPhNInTprKDKmAsGkxs6y6TsLHts8e37bMBB2lGCw51z25ewfBBq7ZTzvo8TsyGZ4W0I1KbzwbWaaYd00%2F6igCS1tXbtRLEnG40edlAgr%2FlJJRkAL09ln0VeI2dM7cC50rtynRBmQ3OWE6nPyYrFy%2BOXnv0d9tOpQ485j4slsOyfo%2B2Wn34ZRuI%2Bq4w%3D%3D","name":"projects/sitwitus-aa192/locations/us-central1/functions/addPaymentSource","labels":{"deployment-tool":"cli-firebase"},"eventTrigger":{"resource":"projects/sitwitus-aa192/databases/(default)/documents/stripe_customers/{userId}/tokens/{pushId}","eventType":"providers/cloud.firestore/eventTypes/document.create","service":"firestore.googleapis.com"},"runtime":"nodejs12","environmentVariables":{"FIREBASE_CONFIG":"{\"projectId\":\"sitwitus-aa192\",\"databaseURL\":\"https://sitwitus-aa192.firebaseio.com\",\"storageBucket\":\"sitwitus-aa192.appspot.com\",\"locationId\":\"us-central\"}"}}
[debug] [2021-02-03T15:49:54.597Z] >>> HTTP REQUEST PATCH https://cloudfunctions.googleapis.com/v1/projects/sitwitus-aa192/locations/us-central1/functions/createStripeCharge {"updateMask":"sourceUploadUrl,name,labels,runtime,environmentVariables,eventTrigger.resource,eventTrigger.eventType,eventTrigger.service,eventTrigger.failurePolicy"} 
 {"sourceUploadUrl":"https://storage.googleapis.com/gcf-upload-us-central1-cd6612b6-453e-47c7-88e6-e35d076cf914/275be527-ce6d-4820-add7-a5afea4cdae7.zip?GoogleAccessId=service-379973636841@gcf-admin-robot.iam.gserviceaccount.com&Expires=1612369185&Signature=NwCld0xmS5xmfOeYjU3hcP4E0Af0XkXZE1ULdhd8aFlZMSh2%2Bv%2FQ4eq9bWPOMdDGQlSst1F8mr%2Bdqa3gLTL8fb4zMomG%2B07vHq7JZWAzUeLE185M7qMtHXlEKisGqXnv0Cm9jTTH5SCLXZJCoEASBIU8m2ZqPhNInTprKDKmAsGkxs6y6TsLHts8e37bMBB2lGCw51z25ewfBBq7ZTzvo8TsyGZ4W0I1KbzwbWaaYd00%2F6igCS1tXbtRLEnG40edlAgr%2FlJJRkAL09ln0VeI2dM7cC50rtynRBmQ3OWE6nPyYrFy%2BOXnv0d9tOpQ485j4slsOyfo%2B2Wn34ZRuI%2Bq4w%3D%3D","name":"projects/sitwitus-aa192/locations/us-central1/functions/createStripeCharge","labels":{"deployment-tool":"cli-firebase"},"eventTrigger":{"resource":"projects/sitwitus-aa192/databases/(default)/documents/stripe_customers/{userId}/charges/{id}","eventType":"providers/cloud.firestore/eventTypes/document.create","service":"firestore.googleapis.com"},"runtime":"nodejs12","environmentVariables":{"FIREBASE_CONFIG":"{\"projectId\":\"sitwitus-aa192\",\"databaseURL\":\"https://sitwitus-aa192.firebaseio.com\",\"storageBucket\":\"sitwitus-aa192.appspot.com\",\"locationId\":\"us-central\"}"}}
[debug] [2021-02-03T15:49:54.598Z] >>> HTTP REQUEST DELETE https://cloudfunctions.googleapis.com/v1/projects/sitwitus-aa192/locations/us-central1/functions/sendNotificationToTopic  
 
[debug] [2021-02-03T15:49:55.386Z] <<< HTTP RESPONSE 200 {"content-type":"application/json; charset=UTF-8","vary":"X-Origin, Referer, Origin,Accept-Encoding","date":"Wed, 03 Feb 2021 15:49:55 GMT","server":"ESF","cache-control":"private","x-xss-protection":"0","x-frame-options":"SAMEORIGIN","x-content-type-options":"nosniff","alt-svc":"h3-29=\":443\"; ma=2592000,h3-T051=\":443\"; ma=2592000,h3-Q050=\":443\"; ma=2592000,h3-Q046=\":443\"; ma=2592000,h3-Q043=\":443\"; ma=2592000,quic=\":443\"; ma=2592000; v=\"46,43\"","accept-ranges":"none","transfer-encoding":"chunked"}
[debug] [2021-02-03T15:49:55.389Z] <<< HTTP RESPONSE 200 {"content-type":"application/json; charset=UTF-8","vary":"X-Origin, Referer, Origin,Accept-Encoding","date":"Wed, 03 Feb 2021 15:49:55 GMT","server":"ESF","cache-control":"private","x-xss-protection":"0","x-frame-options":"SAMEORIGIN","x-content-type-options":"nosniff","alt-svc":"h3-29=\":443\"; ma=2592000,h3-T051=\":443\"; ma=2592000,h3-Q050=\":443\"; ma=2592000,h3-Q046=\":443\"; ma=2592000,h3-Q043=\":443\"; ma=2592000,quic=\":443\"; ma=2592000; v=\"46,43\"","accept-ranges":"none","transfer-encoding":"chunked"}
[debug] [2021-02-03T15:49:55.390Z] <<< HTTP RESPONSE 200 {"content-type":"application/json; charset=UTF-8","vary":"X-Origin, Referer, Origin,Accept-Encoding","date":"Wed, 03 Feb 2021 15:49:55 GMT","server":"ESF","cache-control":"private","x-xss-protection":"0","x-frame-options":"SAMEORIGIN","x-content-type-options":"nosniff","alt-svc":"h3-29=\":443\"; ma=2592000,h3-T051=\":443\"; ma=2592000,h3-Q050=\":443\"; ma=2592000,h3-Q046=\":443\"; ma=2592000,h3-Q043=\":443\"; ma=2592000,quic=\":443\"; ma=2592000; v=\"46,43\"","accept-ranges":"none","transfer-encoding":"chunked"}
[debug] [2021-02-03T15:49:55.398Z] <<< HTTP RESPONSE 200 {"content-type":"application/json; charset=UTF-8","vary":"X-Origin, Referer, Origin,Accept-Encoding","date":"Wed, 03 Feb 2021 15:49:55 GMT","server":"ESF","cache-control":"private","x-xss-protection":"0","x-frame-options":"SAMEORIGIN","x-content-type-options":"nosniff","alt-svc":"h3-29=\":443\"; ma=2592000,h3-T051=\":443\"; ma=2592000,h3-Q050=\":443\"; ma=2592000,h3-Q046=\":443\"; ma=2592000,h3-Q043=\":443\"; ma=2592000,quic=\":443\"; ma=2592000; v=\"46,43\"","accept-ranges":"none","transfer-encoding":"chunked"}
[debug] [2021-02-03T15:49:55.481Z] <<< HTTP RESPONSE 200 {"content-type":"application/json; charset=UTF-8","vary":"X-Origin, Referer, Origin,Accept-Encoding","date":"Wed, 03 Feb 2021 15:49:55 GMT","server":"ESF","cache-control":"private","x-xss-protection":"0","x-frame-options":"SAMEORIGIN","x-content-type-options":"nosniff","alt-svc":"h3-29=\":443\"; ma=2592000,h3-T051=\":443\"; ma=2592000,h3-Q050=\":443\"; ma=2592000,h3-Q046=\":443\"; ma=2592000,h3-Q043=\":443\"; ma=2592000,quic=\":443\"; ma=2592000; v=\"46,43\"","accept-ranges":"none","transfer-encoding":"chunked"}
[debug] [2021-02-03T15:49:55.483Z] >>> HTTP REQUEST GET https://cloudfunctions.googleapis.com/v1/operations/c2l0d2l0dXMtYWExOTIvdXMtY2VudHJhbDEvc2VuZE1lc3NhZ2VfRkNNL3BFbWROekdHNXdv  
 
[debug] [2021-02-03T15:49:55.483Z] >>> HTTP REQUEST GET https://cloudfunctions.googleapis.com/v1/operations/c2l0d2l0dXMtYWExOTIvdXMtY2VudHJhbDEvY3JlYXRlU3RyaXBlQ3VzdG9tZXIvNHRRb1ZNbldnOUk  
 
[debug] [2021-02-03T15:49:55.486Z] >>> HTTP REQUEST GET https://cloudfunctions.googleapis.com/v1/operations/c2l0d2l0dXMtYWExOTIvdXMtY2VudHJhbDEvYWRkUGF5bWVudFNvdXJjZS8xUjF2d0JUSW1GQQ  
 
[debug] [2021-02-03T15:49:55.487Z] >>> HTTP REQUEST GET https://cloudfunctions.googleapis.com/v1/operations/c2l0d2l0dXMtYWExOTIvdXMtY2VudHJhbDEvY3JlYXRlU3RyaXBlQ2hhcmdlL3QzTUtTcFBseXA0  
 
[debug] [2021-02-03T15:49:55.487Z] >>> HTTP REQUEST GET https://cloudfunctions.googleapis.com/v1/operations/c2l0d2l0dXMtYWExOTIvdXMtY2VudHJhbDEvc2VuZE5vdGlmaWNhdGlvblRvVG9waWMvZFNrcTRYYkJZRzA  
 
[debug] [2021-02-03T15:49:56.412Z] <<< HTTP RESPONSE 200 {"content-type":"application/json; charset=UTF-8","vary":"X-Origin, Referer, Origin,Accept-Encoding","date":"Wed, 03 Feb 2021 15:49:56 GMT","server":"ESF","cache-control":"private","x-xss-protection":"0","x-frame-options":"SAMEORIGIN","x-content-type-options":"nosniff","alt-svc":"h3-29=\":443\"; ma=2592000,h3-T051=\":443\"; ma=2592000,h3-Q050=\":443\"; ma=2592000,h3-Q046=\":443\"; ma=2592000,h3-Q043=\":443\"; ma=2592000,quic=\":443\"; ma=2592000; v=\"46,43\"","accept-ranges":"none","transfer-encoding":"chunked"}
[debug] [2021-02-03T15:49:56.414Z] <<< HTTP RESPONSE 200 {"content-type":"application/json; charset=UTF-8","vary":"X-Origin, Referer, Origin,Accept-Encoding","date":"Wed, 03 Feb 2021 15:49:56 GMT","server":"ESF","cache-control":"private","x-xss-protection":"0","x-frame-options":"SAMEORIGIN","x-content-type-options":"nosniff","alt-svc":"h3-29=\":443\"; ma=2592000,h3-T051=\":443\"; ma=2592000,h3-Q050=\":443\"; ma=2592000,h3-Q046=\":443\"; ma=2592000,h3-Q043=\":443\"; ma=2592000,quic=\":443\"; ma=2592000; v=\"46,43\"","accept-ranges":"none","transfer-encoding":"chunked"}
[debug] [2021-02-03T15:49:56.415Z] <<< HTTP RESPONSE 200 {"content-type":"application/json; charset=UTF-8","vary":"X-Origin, Referer, Origin,Accept-Encoding","date":"Wed, 03 Feb 2021 15:49:56 GMT","server":"ESF","cache-control":"private","x-xss-protection":"0","x-frame-options":"SAMEORIGIN","x-content-type-options":"nosniff","alt-svc":"h3-29=\":443\"; ma=2592000,h3-T051=\":443\"; ma=2592000,h3-Q050=\":443\"; ma=2592000,h3-Q046=\":443\"; ma=2592000,h3-Q043=\":443\"; ma=2592000,quic=\":443\"; ma=2592000; v=\"46,43\"","accept-ranges":"none","transfer-encoding":"chunked"}
[debug] [2021-02-03T15:49:56.416Z] <<< HTTP RESPONSE 200 {"content-type":"application/json; charset=UTF-8","vary":"X-Origin, Referer, Origin,Accept-Encoding","date":"Wed, 03 Feb 2021 15:49:56 GMT","server":"ESF","cache-control":"private","x-xss-protection":"0","x-frame-options":"SAMEORIGIN","x-content-type-options":"nosniff","alt-svc":"h3-29=\":443\"; ma=2592000,h3-T051=\":443\"; ma=2592000,h3-Q050=\":443\"; ma=2592000,h3-Q046=\":443\"; ma=2592000,h3-Q043=\":443\"; ma=2592000,quic=\":443\"; ma=2592000; v=\"46,43\"","accept-ranges":"none","transfer-encoding":"chunked"}
[debug] [2021-02-03T15:49:56.417Z] <<< HTTP RESPONSE 200 {"content-type":"application/json; charset=UTF-8","vary":"X-Origin, Referer, Origin,Accept-Encoding","date":"Wed, 03 Feb 2021 15:49:56 GMT","server":"ESF","cache-control":"private","x-xss-protection":"0","x-frame-options":"SAMEORIGIN","x-content-type-options":"nosniff","alt-svc":"h3-29=\":443\"; ma=2592000,h3-T051=\":443\"; ma=2592000,h3-Q050=\":443\"; ma=2592000,h3-Q046=\":443\"; ma=2592000,h3-Q043=\":443\"; ma=2592000,quic=\":443\"; ma=2592000; v=\"46,43\"","accept-ranges":"none","transfer-encoding":"chunked"}
[debug] [2021-02-03T15:49:58.418Z] >>> HTTP REQUEST GET https://cloudfunctions.googleapis.com/v1/operations/c2l0d2l0dXMtYWExOTIvdXMtY2VudHJhbDEvY3JlYXRlU3RyaXBlQ2hhcmdlL3QzTUtTcFBseXA0  
 
[debug] [2021-02-03T15:49:58.419Z] >>> HTTP REQUEST GET https://cloudfunctions.googleapis.com/v1/operations/c2l0d2l0dXMtYWExOTIvdXMtY2VudHJhbDEvc2VuZE5vdGlmaWNhdGlvblRvVG9waWMvZFNrcTRYYkJZRzA  
 
[debug] [2021-02-03T15:49:58.420Z] >>> HTTP REQUEST GET https://cloudfunctions.googleapis.com/v1/operations/c2l0d2l0dXMtYWExOTIvdXMtY2VudHJhbDEvYWRkUGF5bWVudFNvdXJjZS8xUjF2d0JUSW1GQQ  
 
[debug] [2021-02-03T15:49:58.420Z] >>> HTTP REQUEST GET https://cloudfunctions.googleapis.com/v1/operations/c2l0d2l0dXMtYWExOTIvdXMtY2VudHJhbDEvY3JlYXRlU3RyaXBlQ3VzdG9tZXIvNHRRb1ZNbldnOUk  
 
[debug] [2021-02-03T15:49:58.421Z] >>> HTTP REQUEST GET https://cloudfunctions.googleapis.com/v1/operations/c2l0d2l0dXMtYWExOTIvdXMtY2VudHJhbDEvc2VuZE1lc3NhZ2VfRkNNL3BFbWROekdHNXdv  
 
[debug] [2021-02-03T15:49:58.970Z] <<< HTTP RESPONSE 200 {"content-type":"application/json; charset=UTF-8","vary":"X-Origin, Referer, Origin,Accept-Encoding","date":"Wed, 03 Feb 2021 15:49:59 GMT","server":"ESF","cache-control":"private","x-xss-protection":"0","x-frame-options":"SAMEORIGIN","x-content-type-options":"nosniff","alt-svc":"h3-29=\":443\"; ma=2592000,h3-T051=\":443\"; ma=2592000,h3-Q050=\":443\"; ma=2592000,h3-Q046=\":443\"; ma=2592000,h3-Q043=\":443\"; ma=2592000,quic=\":443\"; ma=2592000; v=\"46,43\"","accept-ranges":"none","transfer-encoding":"chunked"}
[info] ✔  functions[sendNotificationToTopic(us-central1)]: Successful delete operation.  
[debug] [2021-02-03T15:49:58.983Z] <<< HTTP RESPONSE 200 {"content-type":"application/json; charset=UTF-8","vary":"X-Origin, Referer, Origin,Accept-Encoding","date":"Wed, 03 Feb 2021 15:49:59 GMT","server":"ESF","cache-control":"private","x-xss-protection":"0","x-frame-options":"SAMEORIGIN","x-content-type-options":"nosniff","alt-svc":"h3-29=\":443\"; ma=2592000,h3-T051=\":443\"; ma=2592000,h3-Q050=\":443\"; ma=2592000,h3-Q046=\":443\"; ma=2592000,h3-Q043=\":443\"; ma=2592000,quic=\":443\"; ma=2592000; v=\"46,43\"","accept-ranges":"none","transfer-encoding":"chunked"}
[debug] [2021-02-03T15:49:58.984Z] <<< HTTP RESPONSE 200 {"content-type":"application/json; charset=UTF-8","vary":"X-Origin, Referer, Origin,Accept-Encoding","date":"Wed, 03 Feb 2021 15:49:59 GMT","server":"ESF","cache-control":"private","x-xss-protection":"0","x-frame-options":"SAMEORIGIN","x-content-type-options":"nosniff","alt-svc":"h3-29=\":443\"; ma=2592000,h3-T051=\":443\"; ma=2592000,h3-Q050=\":443\"; ma=2592000,h3-Q046=\":443\"; ma=2592000,h3-Q043=\":443\"; ma=2592000,quic=\":443\"; ma=2592000; v=\"46,43\"","accept-ranges":"none","transfer-encoding":"chunked"}
[debug] [2021-02-03T15:49:58.993Z] <<< HTTP RESPONSE 200 {"content-type":"application/json; charset=UTF-8","vary":"X-Origin, Referer, Origin,Accept-Encoding","date":"Wed, 03 Feb 2021 15:49:59 GMT","server":"ESF","cache-control":"private","x-xss-protection":"0","x-frame-options":"SAMEORIGIN","x-content-type-options":"nosniff","alt-svc":"h3-29=\":443\"; ma=2592000,h3-T051=\":443\"; ma=2592000,h3-Q050=\":443\"; ma=2592000,h3-Q046=\":443\"; ma=2592000,h3-Q043=\":443\"; ma=2592000,quic=\":443\"; ma=2592000; v=\"46,43\"","accept-ranges":"none","transfer-encoding":"chunked"}
[debug] [2021-02-03T15:49:59.000Z] <<< HTTP RESPONSE 200 {"content-type":"application/json; charset=UTF-8","vary":"X-Origin, Referer, Origin,Accept-Encoding","date":"Wed, 03 Feb 2021 15:49:59 GMT","server":"ESF","cache-control":"private","x-xss-protection":"0","x-frame-options":"SAMEORIGIN","x-content-type-options":"nosniff","alt-svc":"h3-29=\":443\"; ma=2592000,h3-T051=\":443\"; ma=2592000,h3-Q050=\":443\"; ma=2592000,h3-Q046=\":443\"; ma=2592000,h3-Q043=\":443\"; ma=2592000,quic=\":443\"; ma=2592000; v=\"46,43\"","accept-ranges":"none","transfer-encoding":"chunked"}
[debug] [2021-02-03T15:50:00.987Z] >>> HTTP REQUEST GET https://cloudfunctions.googleapis.com/v1/operations/c2l0d2l0dXMtYWExOTIvdXMtY2VudHJhbDEvY3JlYXRlU3RyaXBlQ3VzdG9tZXIvNHRRb1ZNbldnOUk  
 
[debug] [2021-02-03T15:50:00.989Z] >>> HTTP REQUEST GET https://cloudfunctions.googleapis.com/v1/operations/c2l0d2l0dXMtYWExOTIvdXMtY2VudHJhbDEvY3JlYXRlU3RyaXBlQ2hhcmdlL3QzTUtTcFBseXA0  
 
[debug] [2021-02-03T15:50:00.995Z] >>> HTTP REQUEST GET https://cloudfunctions.googleapis.com/v1/operations/c2l0d2l0dXMtYWExOTIvdXMtY2VudHJhbDEvc2VuZE1lc3NhZ2VfRkNNL3BFbWROekdHNXdv  
 
[debug] [2021-02-03T15:50:01.001Z] >>> HTTP REQUEST GET https://cloudfunctions.googleapis.com/v1/operations/c2l0d2l0dXMtYWExOTIvdXMtY2VudHJhbDEvYWRkUGF5bWVudFNvdXJjZS8xUjF2d0JUSW1GQQ  
 
[debug] [2021-02-03T15:50:01.730Z] <<< HTTP RESPONSE 200 {"content-type":"application/json; charset=UTF-8","vary":"X-Origin, Referer, Origin,Accept-Encoding","date":"Wed, 03 Feb 2021 15:50:01 GMT","server":"ESF","cache-control":"private","x-xss-protection":"0","x-frame-options":"SAMEORIGIN","x-content-type-options":"nosniff","alt-svc":"h3-29=\":443\"; ma=2592000,h3-T051=\":443\"; ma=2592000,h3-Q050=\":443\"; ma=2592000,h3-Q046=\":443\"; ma=2592000,h3-Q043=\":443\"; ma=2592000,quic=\":443\"; ma=2592000; v=\"46,43\"","accept-ranges":"none","transfer-encoding":"chunked"}
[debug] [2021-02-03T15:50:01.732Z] <<< HTTP RESPONSE 200 {"content-type":"application/json; charset=UTF-8","vary":"X-Origin, Referer, Origin,Accept-Encoding","date":"Wed, 03 Feb 2021 15:50:01 GMT","server":"ESF","cache-control":"private","x-xss-protection":"0","x-frame-options":"SAMEORIGIN","x-content-type-options":"nosniff","alt-svc":"h3-29=\":443\"; ma=2592000,h3-T051=\":443\"; ma=2592000,h3-Q050=\":443\"; ma=2592000,h3-Q046=\":443\"; ma=2592000,h3-Q043=\":443\"; ma=2592000,quic=\":443\"; ma=2592000; v=\"46,43\"","accept-ranges":"none","transfer-encoding":"chunked"}
[debug] [2021-02-03T15:50:01.732Z] <<< HTTP RESPONSE 200 {"content-type":"application/json; charset=UTF-8","vary":"X-Origin, Referer, Origin,Accept-Encoding","date":"Wed, 03 Feb 2021 15:50:01 GMT","server":"ESF","cache-control":"private","x-xss-protection":"0","x-frame-options":"SAMEORIGIN","x-content-type-options":"nosniff","alt-svc":"h3-29=\":443\"; ma=2592000,h3-T051=\":443\"; ma=2592000,h3-Q050=\":443\"; ma=2592000,h3-Q046=\":443\"; ma=2592000,h3-Q043=\":443\"; ma=2592000,quic=\":443\"; ma=2592000; v=\"46,43\"","accept-ranges":"none","transfer-encoding":"chunked"}
[debug] [2021-02-03T15:50:01.733Z] <<< HTTP RESPONSE 200 {"content-type":"application/json; charset=UTF-8","vary":"X-Origin, Referer, Origin,Accept-Encoding","date":"Wed, 03 Feb 2021 15:50:01 GMT","server":"ESF","cache-control":"private","x-xss-protection":"0","x-frame-options":"SAMEORIGIN","x-content-type-options":"nosniff","alt-svc":"h3-29=\":443\"; ma=2592000,h3-T051=\":443\"; ma=2592000,h3-Q050=\":443\"; ma=2592000,h3-Q046=\":443\"; ma=2592000,h3-Q043=\":443\"; ma=2592000,quic=\":443\"; ma=2592000; v=\"46,43\"","accept-ranges":"none","transfer-encoding":"chunked"}
[debug] [2021-02-03T15:50:03.735Z] >>> HTTP REQUEST GET https://cloudfunctions.googleapis.com/v1/operations/c2l0d2l0dXMtYWExOTIvdXMtY2VudHJhbDEvY3JlYXRlU3RyaXBlQ2hhcmdlL3QzTUtTcFBseXA0  
 
[debug] [2021-02-03T15:50:03.736Z] >>> HTTP REQUEST GET https://cloudfunctions.googleapis.com/v1/operations/c2l0d2l0dXMtYWExOTIvdXMtY2VudHJhbDEvYWRkUGF5bWVudFNvdXJjZS8xUjF2d0JUSW1GQQ  
 
[debug] [2021-02-03T15:50:03.737Z] >>> HTTP REQUEST GET https://cloudfunctions.googleapis.com/v1/operations/c2l0d2l0dXMtYWExOTIvdXMtY2VudHJhbDEvc2VuZE1lc3NhZ2VfRkNNL3BFbWROekdHNXdv  
 
[debug] [2021-02-03T15:50:03.738Z] >>> HTTP REQUEST GET https://cloudfunctions.googleapis.com/v1/operations/c2l0d2l0dXMtYWExOTIvdXMtY2VudHJhbDEvY3JlYXRlU3RyaXBlQ3VzdG9tZXIvNHRRb1ZNbldnOUk  
 
[debug] [2021-02-03T15:50:04.312Z] <<< HTTP RESPONSE 200 {"content-type":"application/json; charset=UTF-8","vary":"X-Origin, Referer, Origin,Accept-Encoding","date":"Wed, 03 Feb 2021 15:50:04 GMT","server":"ESF","cache-control":"private","x-xss-protection":"0","x-frame-options":"SAMEORIGIN","x-content-type-options":"nosniff","alt-svc":"h3-29=\":443\"; ma=2592000,h3-T051=\":443\"; ma=2592000,h3-Q050=\":443\"; ma=2592000,h3-Q046=\":443\"; ma=2592000,h3-Q043=\":443\"; ma=2592000,quic=\":443\"; ma=2592000; v=\"46,43\"","accept-ranges":"none","transfer-encoding":"chunked"}
[debug] [2021-02-03T15:50:04.317Z] <<< HTTP RESPONSE 200 {"content-type":"application/json; charset=UTF-8","vary":"X-Origin, Referer, Origin,Accept-Encoding","date":"Wed, 03 Feb 2021 15:50:04 GMT","server":"ESF","cache-control":"private","x-xss-protection":"0","x-frame-options":"SAMEORIGIN","x-content-type-options":"nosniff","alt-svc":"h3-29=\":443\"; ma=2592000,h3-T051=\":443\"; ma=2592000,h3-Q050=\":443\"; ma=2592000,h3-Q046=\":443\"; ma=2592000,h3-Q043=\":443\"; ma=2592000,quic=\":443\"; ma=2592000; v=\"46,43\"","accept-ranges":"none","transfer-encoding":"chunked"}
[debug] [2021-02-03T15:50:04.318Z] <<< HTTP RESPONSE 200 {"content-type":"application/json; charset=UTF-8","vary":"X-Origin, Referer, Origin,Accept-Encoding","date":"Wed, 03 Feb 2021 15:50:04 GMT","server":"ESF","cache-control":"private","x-xss-protection":"0","x-frame-options":"SAMEORIGIN","x-content-type-options":"nosniff","alt-svc":"h3-29=\":443\"; ma=2592000,h3-T051=\":443\"; ma=2592000,h3-Q050=\":443\"; ma=2592000,h3-Q046=\":443\"; ma=2592000,h3-Q043=\":443\"; ma=2592000,quic=\":443\"; ma=2592000; v=\"46,43\"","accept-ranges":"none","transfer-encoding":"chunked"}
[debug] [2021-02-03T15:50:04.326Z] <<< HTTP RESPONSE 200 {"content-type":"application/json; charset=UTF-8","vary":"X-Origin, Referer, Origin,Accept-Encoding","date":"Wed, 03 Feb 2021 15:50:04 GMT","server":"ESF","cache-control":"private","x-xss-protection":"0","x-frame-options":"SAMEORIGIN","x-content-type-options":"nosniff","alt-svc":"h3-29=\":443\"; ma=2592000,h3-T051=\":443\"; ma=2592000,h3-Q050=\":443\"; ma=2592000,h3-Q046=\":443\"; ma=2592000,h3-Q043=\":443\"; ma=2592000,quic=\":443\"; ma=2592000; v=\"46,43\"","accept-ranges":"none","transfer-encoding":"chunked"}
[debug] [2021-02-03T15:50:06.314Z] >>> HTTP REQUEST GET https://cloudfunctions.googleapis.com/v1/operations/c2l0d2l0dXMtYWExOTIvdXMtY2VudHJhbDEvc2VuZE1lc3NhZ2VfRkNNL3BFbWROekdHNXdv  
 
[debug] [2021-02-03T15:50:06.319Z] >>> HTTP REQUEST GET https://cloudfunctions.googleapis.com/v1/operations/c2l0d2l0dXMtYWExOTIvdXMtY2VudHJhbDEvY3JlYXRlU3RyaXBlQ3VzdG9tZXIvNHRRb1ZNbldnOUk  
 
[debug] [2021-02-03T15:50:06.321Z] >>> HTTP REQUEST GET https://cloudfunctions.googleapis.com/v1/operations/c2l0d2l0dXMtYWExOTIvdXMtY2VudHJhbDEvY3JlYXRlU3RyaXBlQ2hhcmdlL3QzTUtTcFBseXA0  
 
[debug] [2021-02-03T15:50:06.330Z] >>> HTTP REQUEST GET https://cloudfunctions.googleapis.com/v1/operations/c2l0d2l0dXMtYWExOTIvdXMtY2VudHJhbDEvYWRkUGF5bWVudFNvdXJjZS8xUjF2d0JUSW1GQQ  
 
[debug] [2021-02-03T15:50:06.925Z] <<< HTTP RESPONSE 200 {"content-type":"application/json; charset=UTF-8","vary":"X-Origin, Referer, Origin,Accept-Encoding","date":"Wed, 03 Feb 2021 15:50:06 GMT","server":"ESF","cache-control":"private","x-xss-protection":"0","x-frame-options":"SAMEORIGIN","x-content-type-options":"nosniff","alt-svc":"h3-29=\":443\"; ma=2592000,h3-T051=\":443\"; ma=2592000,h3-Q050=\":443\"; ma=2592000,h3-Q046=\":443\"; ma=2592000,h3-Q043=\":443\"; ma=2592000,quic=\":443\"; ma=2592000; v=\"46,43\"","accept-ranges":"none","transfer-encoding":"chunked"}
[debug] [2021-02-03T15:50:06.931Z] <<< HTTP RESPONSE 200 {"content-type":"application/json; charset=UTF-8","vary":"X-Origin, Referer, Origin,Accept-Encoding","date":"Wed, 03 Feb 2021 15:50:06 GMT","server":"ESF","cache-control":"private","x-xss-protection":"0","x-frame-options":"SAMEORIGIN","x-content-type-options":"nosniff","alt-svc":"h3-29=\":443\"; ma=2592000,h3-T051=\":443\"; ma=2592000,h3-Q050=\":443\"; ma=2592000,h3-Q046=\":443\"; ma=2592000,h3-Q043=\":443\"; ma=2592000,quic=\":443\"; ma=2592000; v=\"46,43\"","accept-ranges":"none","transfer-encoding":"chunked"}
[debug] [2021-02-03T15:50:06.939Z] <<< HTTP RESPONSE 200 {"content-type":"application/json; charset=UTF-8","vary":"X-Origin, Referer, Origin,Accept-Encoding","date":"Wed, 03 Feb 2021 15:50:07 GMT","server":"ESF","cache-control":"private","x-xss-protection":"0","x-frame-options":"SAMEORIGIN","x-content-type-options":"nosniff","alt-svc":"h3-29=\":443\"; ma=2592000,h3-T051=\":443\"; ma=2592000,h3-Q050=\":443\"; ma=2592000,h3-Q046=\":443\"; ma=2592000,h3-Q043=\":443\"; ma=2592000,quic=\":443\"; ma=2592000; v=\"46,43\"","accept-ranges":"none","transfer-encoding":"chunked"}
[debug] [2021-02-03T15:50:06.953Z] <<< HTTP RESPONSE 200 {"content-type":"application/json; charset=UTF-8","vary":"X-Origin, Referer, Origin,Accept-Encoding","date":"Wed, 03 Feb 2021 15:50:07 GMT","server":"ESF","cache-control":"private","x-xss-protection":"0","x-frame-options":"SAMEORIGIN","x-content-type-options":"nosniff","alt-svc":"h3-29=\":443\"; ma=2592000,h3-T051=\":443\"; ma=2592000,h3-Q050=\":443\"; ma=2592000,h3-Q046=\":443\"; ma=2592000,h3-Q043=\":443\"; ma=2592000,quic=\":443\"; ma=2592000; v=\"46,43\"","accept-ranges":"none","transfer-encoding":"chunked"}
[debug] [2021-02-03T15:50:08.930Z] >>> HTTP REQUEST GET https://cloudfunctions.googleapis.com/v1/operations/c2l0d2l0dXMtYWExOTIvdXMtY2VudHJhbDEvY3JlYXRlU3RyaXBlQ3VzdG9tZXIvNHRRb1ZNbldnOUk  
 
[debug] [2021-02-03T15:50:08.932Z] >>> HTTP REQUEST GET https://cloudfunctions.googleapis.com/v1/operations/c2l0d2l0dXMtYWExOTIvdXMtY2VudHJhbDEvc2VuZE1lc3NhZ2VfRkNNL3BFbWROekdHNXdv  
 
[debug] [2021-02-03T15:50:08.941Z] >>> HTTP REQUEST GET https://cloudfunctions.googleapis.com/v1/operations/c2l0d2l0dXMtYWExOTIvdXMtY2VudHJhbDEvYWRkUGF5bWVudFNvdXJjZS8xUjF2d0JUSW1GQQ  
 
[debug] [2021-02-03T15:50:08.957Z] >>> HTTP REQUEST GET https://cloudfunctions.googleapis.com/v1/operations/c2l0d2l0dXMtYWExOTIvdXMtY2VudHJhbDEvY3JlYXRlU3RyaXBlQ2hhcmdlL3QzTUtTcFBseXA0  
 
[debug] [2021-02-03T15:50:09.517Z] <<< HTTP RESPONSE 200 {"content-type":"application/json; charset=UTF-8","vary":"X-Origin, Referer, Origin,Accept-Encoding","date":"Wed, 03 Feb 2021 15:50:09 GMT","server":"ESF","cache-control":"private","x-xss-protection":"0","x-frame-options":"SAMEORIGIN","x-content-type-options":"nosniff","alt-svc":"h3-29=\":443\"; ma=2592000,h3-T051=\":443\"; ma=2592000,h3-Q050=\":443\"; ma=2592000,h3-Q046=\":443\"; ma=2592000,h3-Q043=\":443\"; ma=2592000,quic=\":443\"; ma=2592000; v=\"46,43\"","accept-ranges":"none","transfer-encoding":"chunked"}
[debug] [2021-02-03T15:50:09.519Z] <<< HTTP RESPONSE 200 {"content-type":"application/json; charset=UTF-8","vary":"X-Origin, Referer, Origin,Accept-Encoding","date":"Wed, 03 Feb 2021 15:50:09 GMT","server":"ESF","cache-control":"private","x-xss-protection":"0","x-frame-options":"SAMEORIGIN","x-content-type-options":"nosniff","alt-svc":"h3-29=\":443\"; ma=2592000,h3-T051=\":443\"; ma=2592000,h3-Q050=\":443\"; ma=2592000,h3-Q046=\":443\"; ma=2592000,h3-Q043=\":443\"; ma=2592000,quic=\":443\"; ma=2592000; v=\"46,43\"","accept-ranges":"none","transfer-encoding":"chunked"}
[debug] [2021-02-03T15:50:09.520Z] <<< HTTP RESPONSE 200 {"content-type":"application/json; charset=UTF-8","vary":"X-Origin, Referer, Origin,Accept-Encoding","date":"Wed, 03 Feb 2021 15:50:09 GMT","server":"ESF","cache-control":"private","x-xss-protection":"0","x-frame-options":"SAMEORIGIN","x-content-type-options":"nosniff","alt-svc":"h3-29=\":443\"; ma=2592000,h3-T051=\":443\"; ma=2592000,h3-Q050=\":443\"; ma=2592000,h3-Q046=\":443\"; ma=2592000,h3-Q043=\":443\"; ma=2592000,quic=\":443\"; ma=2592000; v=\"46,43\"","accept-ranges":"none","transfer-encoding":"chunked"}
[debug] [2021-02-03T15:50:09.521Z] <<< HTTP RESPONSE 200 {"content-type":"application/json; charset=UTF-8","vary":"X-Origin, Referer, Origin,Accept-Encoding","date":"Wed, 03 Feb 2021 15:50:09 GMT","server":"ESF","cache-control":"private","x-xss-protection":"0","x-frame-options":"SAMEORIGIN","x-content-type-options":"nosniff","alt-svc":"h3-29=\":443\"; ma=2592000,h3-T051=\":443\"; ma=2592000,h3-Q050=\":443\"; ma=2592000,h3-Q046=\":443\"; ma=2592000,h3-Q043=\":443\"; ma=2592000,quic=\":443\"; ma=2592000; v=\"46,43\"","accept-ranges":"none","transfer-encoding":"chunked"}
[debug] [2021-02-03T15:50:11.522Z] >>> HTTP REQUEST GET https://cloudfunctions.googleapis.com/v1/operations/c2l0d2l0dXMtYWExOTIvdXMtY2VudHJhbDEvY3JlYXRlU3RyaXBlQ3VzdG9tZXIvNHRRb1ZNbldnOUk  
 
[debug] [2021-02-03T15:50:11.523Z] >>> HTTP REQUEST GET https://cloudfunctions.googleapis.com/v1/operations/c2l0d2l0dXMtYWExOTIvdXMtY2VudHJhbDEvc2VuZE1lc3NhZ2VfRkNNL3BFbWROekdHNXdv  
 
[debug] [2021-02-03T15:50:11.523Z] >>> HTTP REQUEST GET https://cloudfunctions.googleapis.com/v1/operations/c2l0d2l0dXMtYWExOTIvdXMtY2VudHJhbDEvYWRkUGF5bWVudFNvdXJjZS8xUjF2d0JUSW1GQQ  
 
[debug] [2021-02-03T15:50:11.524Z] >>> HTTP REQUEST GET https://cloudfunctions.googleapis.com/v1/operations/c2l0d2l0dXMtYWExOTIvdXMtY2VudHJhbDEvY3JlYXRlU3RyaXBlQ2hhcmdlL3QzTUtTcFBseXA0  
 
[debug] [2021-02-03T15:50:12.157Z] <<< HTTP RESPONSE 200 {"content-type":"application/json; charset=UTF-8","vary":"X-Origin, Referer, Origin,Accept-Encoding","date":"Wed, 03 Feb 2021 15:50:12 GMT","server":"ESF","cache-control":"private","x-xss-protection":"0","x-frame-options":"SAMEORIGIN","x-content-type-options":"nosniff","alt-svc":"h3-29=\":443\"; ma=2592000,h3-T051=\":443\"; ma=2592000,h3-Q050=\":443\"; ma=2592000,h3-Q046=\":443\"; ma=2592000,h3-Q043=\":443\"; ma=2592000,quic=\":443\"; ma=2592000; v=\"46,43\"","accept-ranges":"none","transfer-encoding":"chunked"}
[debug] [2021-02-03T15:50:12.188Z] <<< HTTP RESPONSE 200 {"content-type":"application/json; charset=UTF-8","vary":"X-Origin, Referer, Origin,Accept-Encoding","date":"Wed, 03 Feb 2021 15:50:12 GMT","server":"ESF","cache-control":"private","x-xss-protection":"0","x-frame-options":"SAMEORIGIN","x-content-type-options":"nosniff","alt-svc":"h3-29=\":443\"; ma=2592000,h3-T051=\":443\"; ma=2592000,h3-Q050=\":443\"; ma=2592000,h3-Q046=\":443\"; ma=2592000,h3-Q043=\":443\"; ma=2592000,quic=\":443\"; ma=2592000; v=\"46,43\"","accept-ranges":"none","transfer-encoding":"chunked"}
[debug] [2021-02-03T15:50:12.195Z] <<< HTTP RESPONSE 200 {"content-type":"application/json; charset=UTF-8","vary":"X-Origin, Referer, Origin,Accept-Encoding","date":"Wed, 03 Feb 2021 15:50:12 GMT","server":"ESF","cache-control":"private","x-xss-protection":"0","x-frame-options":"SAMEORIGIN","x-content-type-options":"nosniff","alt-svc":"h3-29=\":443\"; ma=2592000,h3-T051=\":443\"; ma=2592000,h3-Q050=\":443\"; ma=2592000,h3-Q046=\":443\"; ma=2592000,h3-Q043=\":443\"; ma=2592000,quic=\":443\"; ma=2592000; v=\"46,43\"","accept-ranges":"none","transfer-encoding":"chunked"}
[debug] [2021-02-03T15:50:12.275Z] <<< HTTP RESPONSE 200 {"content-type":"application/json; charset=UTF-8","vary":"X-Origin, Referer, Origin,Accept-Encoding","date":"Wed, 03 Feb 2021 15:50:12 GMT","server":"ESF","cache-control":"private","x-xss-protection":"0","x-frame-options":"SAMEORIGIN","x-content-type-options":"nosniff","alt-svc":"h3-29=\":443\"; ma=2592000,h3-T051=\":443\"; ma=2592000,h3-Q050=\":443\"; ma=2592000,h3-Q046=\":443\"; ma=2592000,h3-Q043=\":443\"; ma=2592000,quic=\":443\"; ma=2592000; v=\"46,43\"","accept-ranges":"none","transfer-encoding":"chunked"}
[debug] [2021-02-03T15:50:14.162Z] >>> HTTP REQUEST GET https://cloudfunctions.googleapis.com/v1/operations/c2l0d2l0dXMtYWExOTIvdXMtY2VudHJhbDEvY3JlYXRlU3RyaXBlQ3VzdG9tZXIvNHRRb1ZNbldnOUk  
 
[debug] [2021-02-03T15:50:14.193Z] >>> HTTP REQUEST GET https://cloudfunctions.googleapis.com/v1/operations/c2l0d2l0dXMtYWExOTIvdXMtY2VudHJhbDEvc2VuZE1lc3NhZ2VfRkNNL3BFbWROekdHNXdv  
 
[debug] [2021-02-03T15:50:14.197Z] >>> HTTP REQUEST GET https://cloudfunctions.googleapis.com/v1/operations/c2l0d2l0dXMtYWExOTIvdXMtY2VudHJhbDEvYWRkUGF5bWVudFNvdXJjZS8xUjF2d0JUSW1GQQ  
 
[debug] [2021-02-03T15:50:14.276Z] >>> HTTP REQUEST GET https://cloudfunctions.googleapis.com/v1/operations/c2l0d2l0dXMtYWExOTIvdXMtY2VudHJhbDEvY3JlYXRlU3RyaXBlQ2hhcmdlL3QzTUtTcFBseXA0  
 
[debug] [2021-02-03T15:50:14.750Z] <<< HTTP RESPONSE 200 {"content-type":"application/json; charset=UTF-8","vary":"X-Origin, Referer, Origin,Accept-Encoding","date":"Wed, 03 Feb 2021 15:50:14 GMT","server":"ESF","cache-control":"private","x-xss-protection":"0","x-frame-options":"SAMEORIGIN","x-content-type-options":"nosniff","alt-svc":"h3-29=\":443\"; ma=2592000,h3-T051=\":443\"; ma=2592000,h3-Q050=\":443\"; ma=2592000,h3-Q046=\":443\"; ma=2592000,h3-Q043=\":443\"; ma=2592000,quic=\":443\"; ma=2592000; v=\"46,43\"","accept-ranges":"none","transfer-encoding":"chunked"}
[debug] [2021-02-03T15:50:14.766Z] <<< HTTP RESPONSE 200 {"content-type":"application/json; charset=UTF-8","vary":"X-Origin, Referer, Origin,Accept-Encoding","date":"Wed, 03 Feb 2021 15:50:14 GMT","server":"ESF","cache-control":"private","x-xss-protection":"0","x-frame-options":"SAMEORIGIN","x-content-type-options":"nosniff","alt-svc":"h3-29=\":443\"; ma=2592000,h3-T051=\":443\"; ma=2592000,h3-Q050=\":443\"; ma=2592000,h3-Q046=\":443\"; ma=2592000,h3-Q043=\":443\"; ma=2592000,quic=\":443\"; ma=2592000; v=\"46,43\"","accept-ranges":"none","transfer-encoding":"chunked"}
[debug] [2021-02-03T15:50:14.846Z] <<< HTTP RESPONSE 200 {"content-type":"application/json; charset=UTF-8","vary":"X-Origin, Referer, Origin,Accept-Encoding","date":"Wed, 03 Feb 2021 15:50:14 GMT","server":"ESF","cache-control":"private","x-xss-protection":"0","x-frame-options":"SAMEORIGIN","x-content-type-options":"nosniff","alt-svc":"h3-29=\":443\"; ma=2592000,h3-T051=\":443\"; ma=2592000,h3-Q050=\":443\"; ma=2592000,h3-Q046=\":443\"; ma=2592000,h3-Q043=\":443\"; ma=2592000,quic=\":443\"; ma=2592000; v=\"46,43\"","accept-ranges":"none","transfer-encoding":"chunked"}
[debug] [2021-02-03T15:50:14.849Z] <<< HTTP RESPONSE 200 {"content-type":"application/json; charset=UTF-8","vary":"X-Origin, Referer, Origin,Accept-Encoding","date":"Wed, 03 Feb 2021 15:50:14 GMT","server":"ESF","cache-control":"private","x-xss-protection":"0","x-frame-options":"SAMEORIGIN","x-content-type-options":"nosniff","alt-svc":"h3-29=\":443\"; ma=2592000,h3-T051=\":443\"; ma=2592000,h3-Q050=\":443\"; ma=2592000,h3-Q046=\":443\"; ma=2592000,h3-Q043=\":443\"; ma=2592000,quic=\":443\"; ma=2592000; v=\"46,43\"","accept-ranges":"none","transfer-encoding":"chunked"}
[debug] [2021-02-03T15:50:16.754Z] >>> HTTP REQUEST GET https://cloudfunctions.googleapis.com/v1/operations/c2l0d2l0dXMtYWExOTIvdXMtY2VudHJhbDEvY3JlYXRlU3RyaXBlQ3VzdG9tZXIvNHRRb1ZNbldnOUk  
 
[debug] [2021-02-03T15:50:16.768Z] >>> HTTP REQUEST GET https://cloudfunctions.googleapis.com/v1/operations/c2l0d2l0dXMtYWExOTIvdXMtY2VudHJhbDEvc2VuZE1lc3NhZ2VfRkNNL3BFbWROekdHNXdv  
 
[debug] [2021-02-03T15:50:16.850Z] >>> HTTP REQUEST GET https://cloudfunctions.googleapis.com/v1/operations/c2l0d2l0dXMtYWExOTIvdXMtY2VudHJhbDEvY3JlYXRlU3RyaXBlQ2hhcmdlL3QzTUtTcFBseXA0  
 
[debug] [2021-02-03T15:50:16.850Z] >>> HTTP REQUEST GET https://cloudfunctions.googleapis.com/v1/operations/c2l0d2l0dXMtYWExOTIvdXMtY2VudHJhbDEvYWRkUGF5bWVudFNvdXJjZS8xUjF2d0JUSW1GQQ  
 
[debug] [2021-02-03T15:50:17.305Z] <<< HTTP RESPONSE 200 {"content-type":"application/json; charset=UTF-8","vary":"X-Origin, Referer, Origin,Accept-Encoding","date":"Wed, 03 Feb 2021 15:50:17 GMT","server":"ESF","cache-control":"private","x-xss-protection":"0","x-frame-options":"SAMEORIGIN","x-content-type-options":"nosniff","alt-svc":"h3-29=\":443\"; ma=2592000,h3-T051=\":443\"; ma=2592000,h3-Q050=\":443\"; ma=2592000,h3-Q046=\":443\"; ma=2592000,h3-Q043=\":443\"; ma=2592000,quic=\":443\"; ma=2592000; v=\"46,43\"","accept-ranges":"none","transfer-encoding":"chunked"}
[debug] [2021-02-03T15:50:17.366Z] <<< HTTP RESPONSE 200 {"content-type":"application/json; charset=UTF-8","vary":"X-Origin, Referer, Origin,Accept-Encoding","date":"Wed, 03 Feb 2021 15:50:17 GMT","server":"ESF","cache-control":"private","x-xss-protection":"0","x-frame-options":"SAMEORIGIN","x-content-type-options":"nosniff","alt-svc":"h3-29=\":443\"; ma=2592000,h3-T051=\":443\"; ma=2592000,h3-Q050=\":443\"; ma=2592000,h3-Q046=\":443\"; ma=2592000,h3-Q043=\":443\"; ma=2592000,quic=\":443\"; ma=2592000; v=\"46,43\"","accept-ranges":"none","transfer-encoding":"chunked"}
[debug] [2021-02-03T15:50:17.431Z] <<< HTTP RESPONSE 200 {"content-type":"application/json; charset=UTF-8","vary":"X-Origin, Referer, Origin,Accept-Encoding","date":"Wed, 03 Feb 2021 15:50:17 GMT","server":"ESF","cache-control":"private","x-xss-protection":"0","x-frame-options":"SAMEORIGIN","x-content-type-options":"nosniff","alt-svc":"h3-29=\":443\"; ma=2592000,h3-T051=\":443\"; ma=2592000,h3-Q050=\":443\"; ma=2592000,h3-Q046=\":443\"; ma=2592000,h3-Q043=\":443\"; ma=2592000,quic=\":443\"; ma=2592000; v=\"46,43\"","accept-ranges":"none","transfer-encoding":"chunked"}
[debug] [2021-02-03T15:50:17.438Z] <<< HTTP RESPONSE 200 {"content-type":"application/json; charset=UTF-8","vary":"X-Origin, Referer, Origin,Accept-Encoding","date":"Wed, 03 Feb 2021 15:50:17 GMT","server":"ESF","cache-control":"private","x-xss-protection":"0","x-frame-options":"SAMEORIGIN","x-content-type-options":"nosniff","alt-svc":"h3-29=\":443\"; ma=2592000,h3-T051=\":443\"; ma=2592000,h3-Q050=\":443\"; ma=2592000,h3-Q046=\":443\"; ma=2592000,h3-Q043=\":443\"; ma=2592000,quic=\":443\"; ma=2592000; v=\"46,43\"","accept-ranges":"none","transfer-encoding":"chunked"}
[debug] [2021-02-03T15:50:19.307Z] >>> HTTP REQUEST GET https://cloudfunctions.googleapis.com/v1/operations/c2l0d2l0dXMtYWExOTIvdXMtY2VudHJhbDEvY3JlYXRlU3RyaXBlQ3VzdG9tZXIvNHRRb1ZNbldnOUk  
 
[debug] [2021-02-03T15:50:19.371Z] >>> HTTP REQUEST GET https://cloudfunctions.googleapis.com/v1/operations/c2l0d2l0dXMtYWExOTIvdXMtY2VudHJhbDEvc2VuZE1lc3NhZ2VfRkNNL3BFbWROekdHNXdv  
 
[debug] [2021-02-03T15:50:19.435Z] >>> HTTP REQUEST GET https://cloudfunctions.googleapis.com/v1/operations/c2l0d2l0dXMtYWExOTIvdXMtY2VudHJhbDEvY3JlYXRlU3RyaXBlQ2hhcmdlL3QzTUtTcFBseXA0  
 
[debug] [2021-02-03T15:50:19.439Z] >>> HTTP REQUEST GET https://cloudfunctions.googleapis.com/v1/operations/c2l0d2l0dXMtYWExOTIvdXMtY2VudHJhbDEvYWRkUGF5bWVudFNvdXJjZS8xUjF2d0JUSW1GQQ  
 
[debug] [2021-02-03T15:50:19.881Z] <<< HTTP RESPONSE 200 {"content-type":"application/json; charset=UTF-8","vary":"X-Origin, Referer, Origin,Accept-Encoding","date":"Wed, 03 Feb 2021 15:50:19 GMT","server":"ESF","cache-control":"private","x-xss-protection":"0","x-frame-options":"SAMEORIGIN","x-content-type-options":"nosniff","alt-svc":"h3-29=\":443\"; ma=2592000,h3-T051=\":443\"; ma=2592000,h3-Q050=\":443\"; ma=2592000,h3-Q046=\":443\"; ma=2592000,h3-Q043=\":443\"; ma=2592000,quic=\":443\"; ma=2592000; v=\"46,43\"","accept-ranges":"none","transfer-encoding":"chunked"}
[debug] [2021-02-03T15:50:19.946Z] <<< HTTP RESPONSE 200 {"content-type":"application/json; charset=UTF-8","vary":"X-Origin, Referer, Origin,Accept-Encoding","date":"Wed, 03 Feb 2021 15:50:20 GMT","server":"ESF","cache-control":"private","x-xss-protection":"0","x-frame-options":"SAMEORIGIN","x-content-type-options":"nosniff","alt-svc":"h3-29=\":443\"; ma=2592000,h3-T051=\":443\"; ma=2592000,h3-Q050=\":443\"; ma=2592000,h3-Q046=\":443\"; ma=2592000,h3-Q043=\":443\"; ma=2592000,quic=\":443\"; ma=2592000; v=\"46,43\"","accept-ranges":"none","transfer-encoding":"chunked"}
[debug] [2021-02-03T15:50:20.130Z] <<< HTTP RESPONSE 200 {"content-type":"application/json; charset=UTF-8","vary":"X-Origin, Referer, Origin,Accept-Encoding","date":"Wed, 03 Feb 2021 15:50:20 GMT","server":"ESF","cache-control":"private","x-xss-protection":"0","x-frame-options":"SAMEORIGIN","x-content-type-options":"nosniff","alt-svc":"h3-29=\":443\"; ma=2592000,h3-T051=\":443\"; ma=2592000,h3-Q050=\":443\"; ma=2592000,h3-Q046=\":443\"; ma=2592000,h3-Q043=\":443\"; ma=2592000,quic=\":443\"; ma=2592000; v=\"46,43\"","accept-ranges":"none","transfer-encoding":"chunked"}
[debug] [2021-02-03T15:50:20.149Z] <<< HTTP RESPONSE 200 {"content-type":"application/json; charset=UTF-8","vary":"X-Origin, Referer, Origin,Accept-Encoding","date":"Wed, 03 Feb 2021 15:50:20 GMT","server":"ESF","cache-control":"private","x-xss-protection":"0","x-frame-options":"SAMEORIGIN","x-content-type-options":"nosniff","alt-svc":"h3-29=\":443\"; ma=2592000,h3-T051=\":443\"; ma=2592000,h3-Q050=\":443\"; ma=2592000,h3-Q046=\":443\"; ma=2592000,h3-Q043=\":443\"; ma=2592000,quic=\":443\"; ma=2592000; v=\"46,43\"","accept-ranges":"none","transfer-encoding":"chunked"}
[debug] [2021-02-03T15:50:21.886Z] >>> HTTP REQUEST GET https://cloudfunctions.googleapis.com/v1/operations/c2l0d2l0dXMtYWExOTIvdXMtY2VudHJhbDEvY3JlYXRlU3RyaXBlQ3VzdG9tZXIvNHRRb1ZNbldnOUk  
 
[debug] [2021-02-03T15:50:21.949Z] >>> HTTP REQUEST GET https://cloudfunctions.googleapis.com/v1/operations/c2l0d2l0dXMtYWExOTIvdXMtY2VudHJhbDEvc2VuZE1lc3NhZ2VfRkNNL3BFbWROekdHNXdv  
 
[debug] [2021-02-03T15:50:22.132Z] >>> HTTP REQUEST GET https://cloudfunctions.googleapis.com/v1/operations/c2l0d2l0dXMtYWExOTIvdXMtY2VudHJhbDEvY3JlYXRlU3RyaXBlQ2hhcmdlL3QzTUtTcFBseXA0  
 
[debug] [2021-02-03T15:50:22.152Z] >>> HTTP REQUEST GET https://cloudfunctions.googleapis.com/v1/operations/c2l0d2l0dXMtYWExOTIvdXMtY2VudHJhbDEvYWRkUGF5bWVudFNvdXJjZS8xUjF2d0JUSW1GQQ  
 
[debug] [2021-02-03T15:50:22.417Z] <<< HTTP RESPONSE 200 {"content-type":"application/json; charset=UTF-8","vary":"X-Origin, Referer, Origin,Accept-Encoding","date":"Wed, 03 Feb 2021 15:50:22 GMT","server":"ESF","cache-control":"private","x-xss-protection":"0","x-frame-options":"SAMEORIGIN","x-content-type-options":"nosniff","alt-svc":"h3-29=\":443\"; ma=2592000,h3-T051=\":443\"; ma=2592000,h3-Q050=\":443\"; ma=2592000,h3-Q046=\":443\"; ma=2592000,h3-Q043=\":443\"; ma=2592000,quic=\":443\"; ma=2592000; v=\"46,43\"","accept-ranges":"none","transfer-encoding":"chunked"}
[debug] [2021-02-03T15:50:22.542Z] <<< HTTP RESPONSE 200 {"content-type":"application/json; charset=UTF-8","vary":"X-Origin, Referer, Origin,Accept-Encoding","date":"Wed, 03 Feb 2021 15:50:22 GMT","server":"ESF","cache-control":"private","x-xss-protection":"0","x-frame-options":"SAMEORIGIN","x-content-type-options":"nosniff","alt-svc":"h3-29=\":443\"; ma=2592000,h3-T051=\":443\"; ma=2592000,h3-Q050=\":443\"; ma=2592000,h3-Q046=\":443\"; ma=2592000,h3-Q043=\":443\"; ma=2592000,quic=\":443\"; ma=2592000; v=\"46,43\"","accept-ranges":"none","transfer-encoding":"chunked"}
[debug] [2021-02-03T15:50:22.677Z] <<< HTTP RESPONSE 200 {"content-type":"application/json; charset=UTF-8","vary":"X-Origin, Referer, Origin,Accept-Encoding","date":"Wed, 03 Feb 2021 15:50:22 GMT","server":"ESF","cache-control":"private","x-xss-protection":"0","x-frame-options":"SAMEORIGIN","x-content-type-options":"nosniff","alt-svc":"h3-29=\":443\"; ma=2592000,h3-T051=\":443\"; ma=2592000,h3-Q050=\":443\"; ma=2592000,h3-Q046=\":443\"; ma=2592000,h3-Q043=\":443\"; ma=2592000,quic=\":443\"; ma=2592000; v=\"46,43\"","accept-ranges":"none","transfer-encoding":"chunked"}
[debug] [2021-02-03T15:50:22.681Z] <<< HTTP RESPONSE 200 {"content-type":"application/json; charset=UTF-8","vary":"X-Origin, Referer, Origin,Accept-Encoding","date":"Wed, 03 Feb 2021 15:50:22 GMT","server":"ESF","cache-control":"private","x-xss-protection":"0","x-frame-options":"SAMEORIGIN","x-content-type-options":"nosniff","alt-svc":"h3-29=\":443\"; ma=2592000,h3-T051=\":443\"; ma=2592000,h3-Q050=\":443\"; ma=2592000,h3-Q046=\":443\"; ma=2592000,h3-Q043=\":443\"; ma=2592000,quic=\":443\"; ma=2592000; v=\"46,43\"","accept-ranges":"none","transfer-encoding":"chunked"}
[debug] [2021-02-03T15:50:24.421Z] >>> HTTP REQUEST GET https://cloudfunctions.googleapis.com/v1/operations/c2l0d2l0dXMtYWExOTIvdXMtY2VudHJhbDEvY3JlYXRlU3RyaXBlQ3VzdG9tZXIvNHRRb1ZNbldnOUk  
 
[debug] [2021-02-03T15:50:24.547Z] >>> HTTP REQUEST GET https://cloudfunctions.googleapis.com/v1/operations/c2l0d2l0dXMtYWExOTIvdXMtY2VudHJhbDEvc2VuZE1lc3NhZ2VfRkNNL3BFbWROekdHNXdv  
 
[debug] [2021-02-03T15:50:24.682Z] >>> HTTP REQUEST GET https://cloudfunctions.googleapis.com/v1/operations/c2l0d2l0dXMtYWExOTIvdXMtY2VudHJhbDEvYWRkUGF5bWVudFNvdXJjZS8xUjF2d0JUSW1GQQ  
 
[debug] [2021-02-03T15:50:24.683Z] >>> HTTP REQUEST GET https://cloudfunctions.googleapis.com/v1/operations/c2l0d2l0dXMtYWExOTIvdXMtY2VudHJhbDEvY3JlYXRlU3RyaXBlQ2hhcmdlL3QzTUtTcFBseXA0  
 
[debug] [2021-02-03T15:50:24.963Z] <<< HTTP RESPONSE 200 {"content-type":"application/json; charset=UTF-8","vary":"X-Origin, Referer, Origin,Accept-Encoding","date":"Wed, 03 Feb 2021 15:50:25 GMT","server":"ESF","cache-control":"private","x-xss-protection":"0","x-frame-options":"SAMEORIGIN","x-content-type-options":"nosniff","alt-svc":"h3-29=\":443\"; ma=2592000,h3-T051=\":443\"; ma=2592000,h3-Q050=\":443\"; ma=2592000,h3-Q046=\":443\"; ma=2592000,h3-Q043=\":443\"; ma=2592000,quic=\":443\"; ma=2592000; v=\"46,43\"","accept-ranges":"none","transfer-encoding":"chunked"}
[debug] [2021-02-03T15:50:25.094Z] <<< HTTP RESPONSE 200 {"content-type":"application/json; charset=UTF-8","vary":"X-Origin, Referer, Origin,Accept-Encoding","date":"Wed, 03 Feb 2021 15:50:25 GMT","server":"ESF","cache-control":"private","x-xss-protection":"0","x-frame-options":"SAMEORIGIN","x-content-type-options":"nosniff","alt-svc":"h3-29=\":443\"; ma=2592000,h3-T051=\":443\"; ma=2592000,h3-Q050=\":443\"; ma=2592000,h3-Q046=\":443\"; ma=2592000,h3-Q043=\":443\"; ma=2592000,quic=\":443\"; ma=2592000; v=\"46,43\"","accept-ranges":"none","transfer-encoding":"chunked"}
[debug] [2021-02-03T15:50:25.229Z] <<< HTTP RESPONSE 200 {"content-type":"application/json; charset=UTF-8","vary":"X-Origin, Referer, Origin,Accept-Encoding","date":"Wed, 03 Feb 2021 15:50:25 GMT","server":"ESF","cache-control":"private","x-xss-protection":"0","x-frame-options":"SAMEORIGIN","x-content-type-options":"nosniff","alt-svc":"h3-29=\":443\"; ma=2592000,h3-T051=\":443\"; ma=2592000,h3-Q050=\":443\"; ma=2592000,h3-Q046=\":443\"; ma=2592000,h3-Q043=\":443\"; ma=2592000,quic=\":443\"; ma=2592000; v=\"46,43\"","accept-ranges":"none","transfer-encoding":"chunked"}
[debug] [2021-02-03T15:50:25.238Z] <<< HTTP RESPONSE 200 {"content-type":"application/json; charset=UTF-8","vary":"X-Origin, Referer, Origin,Accept-Encoding","date":"Wed, 03 Feb 2021 15:50:25 GMT","server":"ESF","cache-control":"private","x-xss-protection":"0","x-frame-options":"SAMEORIGIN","x-content-type-options":"nosniff","alt-svc":"h3-29=\":443\"; ma=2592000,h3-T051=\":443\"; ma=2592000,h3-Q050=\":443\"; ma=2592000,h3-Q046=\":443\"; ma=2592000,h3-Q043=\":443\"; ma=2592000,quic=\":443\"; ma=2592000; v=\"46,43\"","accept-ranges":"none","transfer-encoding":"chunked"}
[debug] [2021-02-03T15:50:26.968Z] >>> HTTP REQUEST GET https://cloudfunctions.googleapis.com/v1/operations/c2l0d2l0dXMtYWExOTIvdXMtY2VudHJhbDEvY3JlYXRlU3RyaXBlQ3VzdG9tZXIvNHRRb1ZNbldnOUk  
 
[debug] [2021-02-03T15:50:27.100Z] >>> HTTP REQUEST GET https://cloudfunctions.googleapis.com/v1/operations/c2l0d2l0dXMtYWExOTIvdXMtY2VudHJhbDEvc2VuZE1lc3NhZ2VfRkNNL3BFbWROekdHNXdv  
 
[debug] [2021-02-03T15:50:27.236Z] >>> HTTP REQUEST GET https://cloudfunctions.googleapis.com/v1/operations/c2l0d2l0dXMtYWExOTIvdXMtY2VudHJhbDEvYWRkUGF5bWVudFNvdXJjZS8xUjF2d0JUSW1GQQ  
 
[debug] [2021-02-03T15:50:27.239Z] >>> HTTP REQUEST GET https://cloudfunctions.googleapis.com/v1/operations/c2l0d2l0dXMtYWExOTIvdXMtY2VudHJhbDEvY3JlYXRlU3RyaXBlQ2hhcmdlL3QzTUtTcFBseXA0  
 
[debug] [2021-02-03T15:50:27.581Z] <<< HTTP RESPONSE 200 {"content-type":"application/json; charset=UTF-8","vary":"X-Origin, Referer, Origin,Accept-Encoding","date":"Wed, 03 Feb 2021 15:50:27 GMT","server":"ESF","cache-control":"private","x-xss-protection":"0","x-frame-options":"SAMEORIGIN","x-content-type-options":"nosniff","alt-svc":"h3-29=\":443\"; ma=2592000,h3-T051=\":443\"; ma=2592000,h3-Q050=\":443\"; ma=2592000,h3-Q046=\":443\"; ma=2592000,h3-Q043=\":443\"; ma=2592000,quic=\":443\"; ma=2592000; v=\"46,43\"","accept-ranges":"none","transfer-encoding":"chunked"}
[debug] [2021-02-03T15:50:27.729Z] <<< HTTP RESPONSE 200 {"content-type":"application/json; charset=UTF-8","vary":"X-Origin, Referer, Origin,Accept-Encoding","date":"Wed, 03 Feb 2021 15:50:27 GMT","server":"ESF","cache-control":"private","x-xss-protection":"0","x-frame-options":"SAMEORIGIN","x-content-type-options":"nosniff","alt-svc":"h3-29=\":443\"; ma=2592000,h3-T051=\":443\"; ma=2592000,h3-Q050=\":443\"; ma=2592000,h3-Q046=\":443\"; ma=2592000,h3-Q043=\":443\"; ma=2592000,quic=\":443\"; ma=2592000; v=\"46,43\"","accept-ranges":"none","transfer-encoding":"chunked"}
[debug] [2021-02-03T15:50:27.799Z] <<< HTTP RESPONSE 200 {"content-type":"application/json; charset=UTF-8","vary":"X-Origin, Referer, Origin,Accept-Encoding","date":"Wed, 03 Feb 2021 15:50:27 GMT","server":"ESF","cache-control":"private","x-xss-protection":"0","x-frame-options":"SAMEORIGIN","x-content-type-options":"nosniff","alt-svc":"h3-29=\":443\"; ma=2592000,h3-T051=\":443\"; ma=2592000,h3-Q050=\":443\"; ma=2592000,h3-Q046=\":443\"; ma=2592000,h3-Q043=\":443\"; ma=2592000,quic=\":443\"; ma=2592000; v=\"46,43\"","accept-ranges":"none","transfer-encoding":"chunked"}
[debug] [2021-02-03T15:50:27.803Z] <<< HTTP RESPONSE 200 {"content-type":"application/json; charset=UTF-8","vary":"X-Origin, Referer, Origin,Accept-Encoding","date":"Wed, 03 Feb 2021 15:50:27 GMT","server":"ESF","cache-control":"private","x-xss-protection":"0","x-frame-options":"SAMEORIGIN","x-content-type-options":"nosniff","alt-svc":"h3-29=\":443\"; ma=2592000,h3-T051=\":443\"; ma=2592000,h3-Q050=\":443\"; ma=2592000,h3-Q046=\":443\"; ma=2592000,h3-Q043=\":443\"; ma=2592000,quic=\":443\"; ma=2592000; v=\"46,43\"","accept-ranges":"none","transfer-encoding":"chunked"}
[debug] [2021-02-03T15:50:29.586Z] >>> HTTP REQUEST GET https://cloudfunctions.googleapis.com/v1/operations/c2l0d2l0dXMtYWExOTIvdXMtY2VudHJhbDEvY3JlYXRlU3RyaXBlQ3VzdG9tZXIvNHRRb1ZNbldnOUk  
 
[debug] [2021-02-03T15:50:29.732Z] >>> HTTP REQUEST GET https://cloudfunctions.googleapis.com/v1/operations/c2l0d2l0dXMtYWExOTIvdXMtY2VudHJhbDEvc2VuZE1lc3NhZ2VfRkNNL3BFbWROekdHNXdv  
 
[debug] [2021-02-03T15:50:29.800Z] >>> HTTP REQUEST GET https://cloudfunctions.googleapis.com/v1/operations/c2l0d2l0dXMtYWExOTIvdXMtY2VudHJhbDEvYWRkUGF5bWVudFNvdXJjZS8xUjF2d0JUSW1GQQ  
 
[debug] [2021-02-03T15:50:29.803Z] >>> HTTP REQUEST GET https://cloudfunctions.googleapis.com/v1/operations/c2l0d2l0dXMtYWExOTIvdXMtY2VudHJhbDEvY3JlYXRlU3RyaXBlQ2hhcmdlL3QzTUtTcFBseXA0  
 
[debug] [2021-02-03T15:50:30.139Z] <<< HTTP RESPONSE 200 {"content-type":"application/json; charset=UTF-8","vary":"X-Origin, Referer, Origin,Accept-Encoding","date":"Wed, 03 Feb 2021 15:50:30 GMT","server":"ESF","cache-control":"private","x-xss-protection":"0","x-frame-options":"SAMEORIGIN","x-content-type-options":"nosniff","alt-svc":"h3-29=\":443\"; ma=2592000,h3-T051=\":443\"; ma=2592000,h3-Q050=\":443\"; ma=2592000,h3-Q046=\":443\"; ma=2592000,h3-Q043=\":443\"; ma=2592000,quic=\":443\"; ma=2592000; v=\"46,43\"","accept-ranges":"none","transfer-encoding":"chunked"}
[debug] [2021-02-03T15:50:30.313Z] <<< HTTP RESPONSE 200 {"content-type":"application/json; charset=UTF-8","vary":"X-Origin, Referer, Origin,Accept-Encoding","date":"Wed, 03 Feb 2021 15:50:30 GMT","server":"ESF","cache-control":"private","x-xss-protection":"0","x-frame-options":"SAMEORIGIN","x-content-type-options":"nosniff","alt-svc":"h3-29=\":443\"; ma=2592000,h3-T051=\":443\"; ma=2592000,h3-Q050=\":443\"; ma=2592000,h3-Q046=\":443\"; ma=2592000,h3-Q043=\":443\"; ma=2592000,quic=\":443\"; ma=2592000; v=\"46,43\"","accept-ranges":"none","transfer-encoding":"chunked"}
[debug] [2021-02-03T15:50:30.375Z] <<< HTTP RESPONSE 200 {"content-type":"application/json; charset=UTF-8","vary":"X-Origin, Referer, Origin,Accept-Encoding","date":"Wed, 03 Feb 2021 15:50:30 GMT","server":"ESF","cache-control":"private","x-xss-protection":"0","x-frame-options":"SAMEORIGIN","x-content-type-options":"nosniff","alt-svc":"h3-29=\":443\"; ma=2592000,h3-T051=\":443\"; ma=2592000,h3-Q050=\":443\"; ma=2592000,h3-Q046=\":443\"; ma=2592000,h3-Q043=\":443\"; ma=2592000,quic=\":443\"; ma=2592000; v=\"46,43\"","accept-ranges":"none","transfer-encoding":"chunked"}
[debug] [2021-02-03T15:50:30.419Z] <<< HTTP RESPONSE 200 {"content-type":"application/json; charset=UTF-8","vary":"X-Origin, Referer, Origin,Accept-Encoding","date":"Wed, 03 Feb 2021 15:50:30 GMT","server":"ESF","cache-control":"private","x-xss-protection":"0","x-frame-options":"SAMEORIGIN","x-content-type-options":"nosniff","alt-svc":"h3-29=\":443\"; ma=2592000,h3-T051=\":443\"; ma=2592000,h3-Q050=\":443\"; ma=2592000,h3-Q046=\":443\"; ma=2592000,h3-Q043=\":443\"; ma=2592000,quic=\":443\"; ma=2592000; v=\"46,43\"","accept-ranges":"none","transfer-encoding":"chunked"}
[debug] [2021-02-03T15:50:32.143Z] >>> HTTP REQUEST GET https://cloudfunctions.googleapis.com/v1/operations/c2l0d2l0dXMtYWExOTIvdXMtY2VudHJhbDEvY3JlYXRlU3RyaXBlQ3VzdG9tZXIvNHRRb1ZNbldnOUk  
 
[debug] [2021-02-03T15:50:32.316Z] >>> HTTP REQUEST GET https://cloudfunctions.googleapis.com/v1/operations/c2l0d2l0dXMtYWExOTIvdXMtY2VudHJhbDEvc2VuZE1lc3NhZ2VfRkNNL3BFbWROekdHNXdv  
 
[debug] [2021-02-03T15:50:32.376Z] >>> HTTP REQUEST GET https://cloudfunctions.googleapis.com/v1/operations/c2l0d2l0dXMtYWExOTIvdXMtY2VudHJhbDEvY3JlYXRlU3RyaXBlQ2hhcmdlL3QzTUtTcFBseXA0  
 
[debug] [2021-02-03T15:50:32.417Z] >>> HTTP REQUEST GET https://cloudfunctions.googleapis.com/v1/operations/c2l0d2l0dXMtYWExOTIvdXMtY2VudHJhbDEvYWRkUGF5bWVudFNvdXJjZS8xUjF2d0JUSW1GQQ  
 
[debug] [2021-02-03T15:50:32.918Z] <<< HTTP RESPONSE 200 {"content-type":"application/json; charset=UTF-8","vary":"X-Origin, Referer, Origin,Accept-Encoding","date":"Wed, 03 Feb 2021 15:50:32 GMT","server":"ESF","cache-control":"private","x-xss-protection":"0","x-frame-options":"SAMEORIGIN","x-content-type-options":"nosniff","alt-svc":"h3-29=\":443\"; ma=2592000,h3-T051=\":443\"; ma=2592000,h3-Q050=\":443\"; ma=2592000,h3-Q046=\":443\"; ma=2592000,h3-Q043=\":443\"; ma=2592000,quic=\":443\"; ma=2592000; v=\"46,43\"","accept-ranges":"none","transfer-encoding":"chunked"}
[debug] [2021-02-03T15:50:33.442Z] <<< HTTP RESPONSE 200 {"content-type":"application/json; charset=UTF-8","vary":"X-Origin, Referer, Origin,Accept-Encoding","date":"Wed, 03 Feb 2021 15:50:33 GMT","server":"ESF","cache-control":"private","x-xss-protection":"0","x-frame-options":"SAMEORIGIN","x-content-type-options":"nosniff","alt-svc":"h3-29=\":443\"; ma=2592000,h3-T051=\":443\"; ma=2592000,h3-Q050=\":443\"; ma=2592000,h3-Q046=\":443\"; ma=2592000,h3-Q043=\":443\"; ma=2592000,quic=\":443\"; ma=2592000; v=\"46,43\"","accept-ranges":"none","transfer-encoding":"chunked"}
[debug] [2021-02-03T15:50:33.443Z] <<< HTTP RESPONSE 200 {"content-type":"application/json; charset=UTF-8","vary":"X-Origin, Referer, Origin,Accept-Encoding","date":"Wed, 03 Feb 2021 15:50:33 GMT","server":"ESF","cache-control":"private","x-xss-protection":"0","x-frame-options":"SAMEORIGIN","x-content-type-options":"nosniff","alt-svc":"h3-29=\":443\"; ma=2592000,h3-T051=\":443\"; ma=2592000,h3-Q050=\":443\"; ma=2592000,h3-Q046=\":443\"; ma=2592000,h3-Q043=\":443\"; ma=2592000,quic=\":443\"; ma=2592000; v=\"46,43\"","accept-ranges":"none","transfer-encoding":"chunked"}
[debug] [2021-02-03T15:50:33.444Z] <<< HTTP RESPONSE 200 {"content-type":"application/json; charset=UTF-8","vary":"X-Origin, Referer, Origin,Accept-Encoding","date":"Wed, 03 Feb 2021 15:50:33 GMT","server":"ESF","cache-control":"private","x-xss-protection":"0","x-frame-options":"SAMEORIGIN","x-content-type-options":"nosniff","alt-svc":"h3-29=\":443\"; ma=2592000,h3-T051=\":443\"; ma=2592000,h3-Q050=\":443\"; ma=2592000,h3-Q046=\":443\"; ma=2592000,h3-Q043=\":443\"; ma=2592000,quic=\":443\"; ma=2592000; v=\"46,43\"","accept-ranges":"none","transfer-encoding":"chunked"}
[debug] [2021-02-03T15:50:34.920Z] >>> HTTP REQUEST GET https://cloudfunctions.googleapis.com/v1/operations/c2l0d2l0dXMtYWExOTIvdXMtY2VudHJhbDEvY3JlYXRlU3RyaXBlQ3VzdG9tZXIvNHRRb1ZNbldnOUk  
 
[debug] [2021-02-03T15:50:35.440Z] >>> HTTP REQUEST GET https://cloudfunctions.googleapis.com/v1/operations/c2l0d2l0dXMtYWExOTIvdXMtY2VudHJhbDEvc2VuZE1lc3NhZ2VfRkNNL3BFbWROekdHNXdv  
 
[debug] [2021-02-03T15:50:35.442Z] >>> HTTP REQUEST GET https://cloudfunctions.googleapis.com/v1/operations/c2l0d2l0dXMtYWExOTIvdXMtY2VudHJhbDEvYWRkUGF5bWVudFNvdXJjZS8xUjF2d0JUSW1GQQ  
 
[debug] [2021-02-03T15:50:35.443Z] >>> HTTP REQUEST GET https://cloudfunctions.googleapis.com/v1/operations/c2l0d2l0dXMtYWExOTIvdXMtY2VudHJhbDEvY3JlYXRlU3RyaXBlQ2hhcmdlL3QzTUtTcFBseXA0  
 
[debug] [2021-02-03T15:50:36.190Z] <<< HTTP RESPONSE 200 {"content-type":"application/json; charset=UTF-8","vary":"X-Origin, Referer, Origin,Accept-Encoding","date":"Wed, 03 Feb 2021 15:50:35 GMT","server":"ESF","cache-control":"private","x-xss-protection":"0","x-frame-options":"SAMEORIGIN","x-content-type-options":"nosniff","alt-svc":"h3-29=\":443\"; ma=2592000,h3-T051=\":443\"; ma=2592000,h3-Q050=\":443\"; ma=2592000,h3-Q046=\":443\"; ma=2592000,h3-Q043=\":443\"; ma=2592000,quic=\":443\"; ma=2592000; v=\"46,43\"","accept-ranges":"none","transfer-encoding":"chunked"}
[debug] [2021-02-03T15:50:36.722Z] <<< HTTP RESPONSE 200 {"content-type":"application/json; charset=UTF-8","vary":"X-Origin, Referer, Origin,Accept-Encoding","date":"Wed, 03 Feb 2021 15:50:36 GMT","server":"ESF","cache-control":"private","x-xss-protection":"0","x-frame-options":"SAMEORIGIN","x-content-type-options":"nosniff","alt-svc":"h3-29=\":443\"; ma=2592000,h3-T051=\":443\"; ma=2592000,h3-Q050=\":443\"; ma=2592000,h3-Q046=\":443\"; ma=2592000,h3-Q043=\":443\"; ma=2592000,quic=\":443\"; ma=2592000; v=\"46,43\"","accept-ranges":"none","transfer-encoding":"chunked"}
[debug] [2021-02-03T15:50:36.723Z] <<< HTTP RESPONSE 200 {"content-type":"application/json; charset=UTF-8","vary":"X-Origin, Referer, Origin,Accept-Encoding","date":"Wed, 03 Feb 2021 15:50:36 GMT","server":"ESF","cache-control":"private","x-xss-protection":"0","x-frame-options":"SAMEORIGIN","x-content-type-options":"nosniff","alt-svc":"h3-29=\":443\"; ma=2592000,h3-T051=\":443\"; ma=2592000,h3-Q050=\":443\"; ma=2592000,h3-Q046=\":443\"; ma=2592000,h3-Q043=\":443\"; ma=2592000,quic=\":443\"; ma=2592000; v=\"46,43\"","accept-ranges":"none","transfer-encoding":"chunked"}
[debug] [2021-02-03T15:50:36.724Z] <<< HTTP RESPONSE 200 {"content-type":"application/json; charset=UTF-8","vary":"X-Origin, Referer, Origin,Accept-Encoding","date":"Wed, 03 Feb 2021 15:50:36 GMT","server":"ESF","cache-control":"private","x-xss-protection":"0","x-frame-options":"SAMEORIGIN","x-content-type-options":"nosniff","alt-svc":"h3-29=\":443\"; ma=2592000,h3-T051=\":443\"; ma=2592000,h3-Q050=\":443\"; ma=2592000,h3-Q046=\":443\"; ma=2592000,h3-Q043=\":443\"; ma=2592000,quic=\":443\"; ma=2592000; v=\"46,43\"","accept-ranges":"none","transfer-encoding":"chunked"}
